Started GET "/" for 127.0.0.1 at 2018-03-17 22:14:42 +0800
  
Mysql2::Error (Access denied for user 'root'@'localhost' (using password: NO)):
  
mysql2 (0.4.10) lib/mysql2/client.rb:89:in `connect'
mysql2 (0.4.10) lib/mysql2/client.rb:89:in `initialize'
activerecord (5.1.5) lib/active_record/connection_adapters/mysql2_adapter.rb:21:in `new'
activerecord (5.1.5) lib/active_record/connection_adapters/mysql2_adapter.rb:21:in `mysql2_connection'
activerecord (5.1.5) lib/active_record/connection_adapters/abstract/connection_pool.rb:759:in `new_connection'
activerecord (5.1.5) lib/active_record/connection_adapters/abstract/connection_pool.rb:803:in `checkout_new_connection'
activerecord (5.1.5) lib/active_record/connection_adapters/abstract/connection_pool.rb:782:in `try_to_checkout_new_connection'
activerecord (5.1.5) lib/active_record/connection_adapters/abstract/connection_pool.rb:743:in `acquire_connection'
activerecord (5.1.5) lib/active_record/connection_adapters/abstract/connection_pool.rb:500:in `checkout'
activerecord (5.1.5) lib/active_record/connection_adapters/abstract/connection_pool.rb:374:in `connection'
activerecord (5.1.5) lib/active_record/connection_adapters/abstract/connection_pool.rb:931:in `retrieve_connection'
activerecord (5.1.5) lib/active_record/connection_handling.rb:116:in `retrieve_connection'
activerecord (5.1.5) lib/active_record/connection_handling.rb:88:in `connection'
activerecord (5.1.5) lib/active_record/migration.rb:562:in `connection'
activerecord (5.1.5) lib/active_record/migration.rb:553:in `call'
actionpack (5.1.5) lib/action_dispatch/middleware/callbacks.rb:26:in `block in call'
activesupport (5.1.5) lib/active_support/callbacks.rb:97:in `run_callbacks'
actionpack (5.1.5) lib/action_dispatch/middleware/callbacks.rb:24:in `call'
actionpack (5.1.5) lib/action_dispatch/middleware/executor.rb:12:in `call'
airbrake (7.2.1) lib/airbrake/rack/middleware.rb:52:in `call'
actionpack (5.1.5) lib/action_dispatch/middleware/debug_exceptions.rb:59:in `call'
web-console (3.5.1) lib/web_console/middleware.rb:135:in `call_app'
web-console (3.5.1) lib/web_console/middleware.rb:28:in `block in call'
web-console (3.5.1) lib/web_console/middleware.rb:18:in `catch'
web-console (3.5.1) lib/web_console/middleware.rb:18:in `call'
actionpack (5.1.5) lib/action_dispatch/middleware/show_exceptions.rb:31:in `call'
railties (5.1.5) lib/rails/rack/logger.rb:36:in `call_app'
railties (5.1.5) lib/rails/rack/logger.rb:24:in `block in call'
activesupport (5.1.5) lib/active_support/tagged_logging.rb:69:in `block in tagged'
activesupport (5.1.5) lib/active_support/tagged_logging.rb:26:in `tagged'
activesupport (5.1.5) lib/active_support/tagged_logging.rb:69:in `tagged'
railties (5.1.5) lib/rails/rack/logger.rb:24:in `call'
sprockets-rails (3.2.1) lib/sprockets/rails/quiet_assets.rb:13:in `call'
actionpack (5.1.5) lib/action_dispatch/middleware/remote_ip.rb:79:in `call'
request_store (1.4.1) lib/request_store/middleware.rb:19:in `call'
actionpack (5.1.5) lib/action_dispatch/middleware/request_id.rb:25:in `call'
rack (2.0.4) lib/rack/method_override.rb:22:in `call'
rack (2.0.4) lib/rack/runtime.rb:22:in `call'
activesupport (5.1.5) lib/active_support/cache/strategy/local_cache_middleware.rb:27:in `call'
actionpack (5.1.5) lib/action_dispatch/middleware/executor.rb:12:in `call'
rack-livereload (0.3.16) lib/rack/livereload.rb:23:in `_call'
rack-livereload (0.3.16) lib/rack/livereload.rb:14:in `call'
actionpack (5.1.5) lib/action_dispatch/middleware/static.rb:125:in `call'
rack (2.0.4) lib/rack/sendfile.rb:111:in `call'
rack-cors (1.0.2) lib/rack/cors.rb:97:in `call'
railties (5.1.5) lib/rails/engine.rb:522:in `call'
puma (3.11.3) lib/puma/configuration.rb:225:in `call'
puma (3.11.3) lib/puma/server.rb:624:in `handle_request'
puma (3.11.3) lib/puma/server.rb:438:in `process_client'
puma (3.11.3) lib/puma/server.rb:302:in `block in run'
puma (3.11.3) lib/puma/thread_pool.rb:120:in `block in spawn_thread'
**Airbrake: closed
Started GET "/" for 127.0.0.1 at 2018-03-17 22:16:14 +0800
  
ActiveRecord::NoDatabaseError (Unknown database 'houseqdb'):
  
activerecord (5.1.5) lib/active_record/connection_adapters/mysql2_adapter.rb:25:in `rescue in mysql2_connection'
activerecord (5.1.5) lib/active_record/connection_adapters/mysql2_adapter.rb:11:in `mysql2_connection'
activerecord (5.1.5) lib/active_record/connection_adapters/abstract/connection_pool.rb:759:in `new_connection'
activerecord (5.1.5) lib/active_record/connection_adapters/abstract/connection_pool.rb:803:in `checkout_new_connection'
activerecord (5.1.5) lib/active_record/connection_adapters/abstract/connection_pool.rb:782:in `try_to_checkout_new_connection'
activerecord (5.1.5) lib/active_record/connection_adapters/abstract/connection_pool.rb:743:in `acquire_connection'
activerecord (5.1.5) lib/active_record/connection_adapters/abstract/connection_pool.rb:500:in `checkout'
activerecord (5.1.5) lib/active_record/connection_adapters/abstract/connection_pool.rb:374:in `connection'
activerecord (5.1.5) lib/active_record/connection_adapters/abstract/connection_pool.rb:931:in `retrieve_connection'
activerecord (5.1.5) lib/active_record/connection_handling.rb:116:in `retrieve_connection'
activerecord (5.1.5) lib/active_record/connection_handling.rb:88:in `connection'
activerecord (5.1.5) lib/active_record/migration.rb:562:in `connection'
activerecord (5.1.5) lib/active_record/migration.rb:553:in `call'
actionpack (5.1.5) lib/action_dispatch/middleware/callbacks.rb:26:in `block in call'
activesupport (5.1.5) lib/active_support/callbacks.rb:97:in `run_callbacks'
actionpack (5.1.5) lib/action_dispatch/middleware/callbacks.rb:24:in `call'
actionpack (5.1.5) lib/action_dispatch/middleware/executor.rb:12:in `call'
airbrake (7.2.1) lib/airbrake/rack/middleware.rb:52:in `call'
actionpack (5.1.5) lib/action_dispatch/middleware/debug_exceptions.rb:59:in `call'
web-console (3.5.1) lib/web_console/middleware.rb:135:in `call_app'
web-console (3.5.1) lib/web_console/middleware.rb:28:in `block in call'
web-console (3.5.1) lib/web_console/middleware.rb:18:in `catch'
web-console (3.5.1) lib/web_console/middleware.rb:18:in `call'
actionpack (5.1.5) lib/action_dispatch/middleware/show_exceptions.rb:31:in `call'
railties (5.1.5) lib/rails/rack/logger.rb:36:in `call_app'
railties (5.1.5) lib/rails/rack/logger.rb:24:in `block in call'
activesupport (5.1.5) lib/active_support/tagged_logging.rb:69:in `block in tagged'
activesupport (5.1.5) lib/active_support/tagged_logging.rb:26:in `tagged'
activesupport (5.1.5) lib/active_support/tagged_logging.rb:69:in `tagged'
railties (5.1.5) lib/rails/rack/logger.rb:24:in `call'
sprockets-rails (3.2.1) lib/sprockets/rails/quiet_assets.rb:13:in `call'
actionpack (5.1.5) lib/action_dispatch/middleware/remote_ip.rb:79:in `call'
request_store (1.4.1) lib/request_store/middleware.rb:19:in `call'
actionpack (5.1.5) lib/action_dispatch/middleware/request_id.rb:25:in `call'
rack (2.0.4) lib/rack/method_override.rb:22:in `call'
rack (2.0.4) lib/rack/runtime.rb:22:in `call'
activesupport (5.1.5) lib/active_support/cache/strategy/local_cache_middleware.rb:27:in `call'
actionpack (5.1.5) lib/action_dispatch/middleware/executor.rb:12:in `call'
rack-livereload (0.3.16) lib/rack/livereload.rb:23:in `_call'
rack-livereload (0.3.16) lib/rack/livereload.rb:14:in `call'
actionpack (5.1.5) lib/action_dispatch/middleware/static.rb:125:in `call'
rack (2.0.4) lib/rack/sendfile.rb:111:in `call'
rack-cors (1.0.2) lib/rack/cors.rb:97:in `call'
railties (5.1.5) lib/rails/engine.rb:522:in `call'
puma (3.11.3) lib/puma/configuration.rb:225:in `call'
puma (3.11.3) lib/puma/server.rb:624:in `handle_request'
puma (3.11.3) lib/puma/server.rb:438:in `process_client'
puma (3.11.3) lib/puma/server.rb:302:in `block in run'
puma (3.11.3) lib/puma/thread_pool.rb:120:in `block in spawn_thread'
**Airbrake: closed
Started GET "/" for 127.0.0.1 at 2018-03-17 22:17:23 +0800
  [1m[35m (48.3ms)[0m  [1m[35mSET NAMES utf8mb4 COLLATE utf8mb4_unicode_ci,  @@SESSION.sql_mode = CONCAT(CONCAT(@@sql_mode, ',STRICT_ALL_TABLES'), ',NO_AUTO_VALUE_ON_ZERO'),  @@SESSION.sql_auto_is_null = 0, @@SESSION.wait_timeout = 2147483[0m
  
ActiveRecord::PendingMigrationError (

Migrations are pending. To resolve this issue, run:

        bin/rails db:migrate RAILS_ENV=development

):
  
activerecord (5.1.5) lib/active_record/migration.rb:576:in `check_pending!'
activerecord (5.1.5) lib/active_record/migration.rb:553:in `call'
actionpack (5.1.5) lib/action_dispatch/middleware/callbacks.rb:26:in `block in call'
activesupport (5.1.5) lib/active_support/callbacks.rb:97:in `run_callbacks'
actionpack (5.1.5) lib/action_dispatch/middleware/callbacks.rb:24:in `call'
actionpack (5.1.5) lib/action_dispatch/middleware/executor.rb:12:in `call'
airbrake (7.2.1) lib/airbrake/rack/middleware.rb:52:in `call'
actionpack (5.1.5) lib/action_dispatch/middleware/debug_exceptions.rb:59:in `call'
web-console (3.5.1) lib/web_console/middleware.rb:135:in `call_app'
web-console (3.5.1) lib/web_console/middleware.rb:28:in `block in call'
web-console (3.5.1) lib/web_console/middleware.rb:18:in `catch'
web-console (3.5.1) lib/web_console/middleware.rb:18:in `call'
actionpack (5.1.5) lib/action_dispatch/middleware/show_exceptions.rb:31:in `call'
railties (5.1.5) lib/rails/rack/logger.rb:36:in `call_app'
railties (5.1.5) lib/rails/rack/logger.rb:24:in `block in call'
activesupport (5.1.5) lib/active_support/tagged_logging.rb:69:in `block in tagged'
activesupport (5.1.5) lib/active_support/tagged_logging.rb:26:in `tagged'
activesupport (5.1.5) lib/active_support/tagged_logging.rb:69:in `tagged'
railties (5.1.5) lib/rails/rack/logger.rb:24:in `call'
sprockets-rails (3.2.1) lib/sprockets/rails/quiet_assets.rb:13:in `call'
actionpack (5.1.5) lib/action_dispatch/middleware/remote_ip.rb:79:in `call'
request_store (1.4.1) lib/request_store/middleware.rb:19:in `call'
actionpack (5.1.5) lib/action_dispatch/middleware/request_id.rb:25:in `call'
rack (2.0.4) lib/rack/method_override.rb:22:in `call'
rack (2.0.4) lib/rack/runtime.rb:22:in `call'
activesupport (5.1.5) lib/active_support/cache/strategy/local_cache_middleware.rb:27:in `call'
actionpack (5.1.5) lib/action_dispatch/middleware/executor.rb:12:in `call'
rack-livereload (0.3.16) lib/rack/livereload.rb:23:in `_call'
rack-livereload (0.3.16) lib/rack/livereload.rb:14:in `call'
actionpack (5.1.5) lib/action_dispatch/middleware/static.rb:125:in `call'
rack (2.0.4) lib/rack/sendfile.rb:111:in `call'
rack-cors (1.0.2) lib/rack/cors.rb:97:in `call'
railties (5.1.5) lib/rails/engine.rb:522:in `call'
puma (3.11.3) lib/puma/configuration.rb:225:in `call'
puma (3.11.3) lib/puma/server.rb:624:in `handle_request'
puma (3.11.3) lib/puma/server.rb:438:in `process_client'
puma (3.11.3) lib/puma/server.rb:302:in `block in run'
puma (3.11.3) lib/puma/thread_pool.rb:120:in `block in spawn_thread'
**Airbrake: closed
  [1m[35m (0.4ms)[0m  [1m[35mSET NAMES utf8mb4 COLLATE utf8mb4_unicode_ci,  @@SESSION.sql_mode = CONCAT(CONCAT(@@sql_mode, ',STRICT_ALL_TABLES'), ',NO_AUTO_VALUE_ON_ZERO'),  @@SESSION.sql_auto_is_null = 0, @@SESSION.wait_timeout = 2147483[0m
  [1m[35m (435.3ms)[0m  [1m[35mCREATE TABLE `schema_migrations` (`version` varchar(255) NOT NULL PRIMARY KEY) ENGINE=InnoDB[0m
  [1m[35m (152.6ms)[0m  [1m[35mCREATE TABLE `ar_internal_metadata` (`key` varchar(255) NOT NULL PRIMARY KEY, `value` varchar(255), `created_at` datetime NOT NULL, `updated_at` datetime NOT NULL) ENGINE=InnoDB[0m
  [1m[35m (0.7ms)[0m  [1m[34mSELECT GET_LOCK('195129319130496555', 0)[0m
  [1m[35m (0.2ms)[0m  [1m[34mSELECT `schema_migrations`.`version` FROM `schema_migrations` ORDER BY `schema_migrations`.`version` ASC[0m
Migrating to CreateQueueLists (20170621150438)
  [1m[35m (245.0ms)[0m  [1m[35mCREATE TABLE `queue_lists` (`id` bigint NOT NULL AUTO_INCREMENT PRIMARY KEY, `name` varchar(255), `activity` varchar(255), `image` varchar(255), `started_on` date, `user_id` bigint, `created_at` datetime NOT NULL, `updated_at` datetime NOT NULL,  INDEX `index_queue_lists_on_user_id`  (`user_id`)) ENGINE=InnoDB[0m
  [1m[35m (0.1ms)[0m  [1m[35mBEGIN[0m
  [1m[35mSQL (28.9ms)[0m  [1m[32mINSERT INTO `schema_migrations` (`version`) VALUES ('20170621150438')[0m
  [1m[35m (31.3ms)[0m  [1m[35mCOMMIT[0m
Migrating to AddImageAndTimestampsToCatAutomate (20170622135815)
  [1m[35m (0.5ms)[0m  [1m[35mALTER TABLE `cat_automate` ADD `image` varchar(255)[0m
  [1m[35m (0.1ms)[0m  [1m[34mSELECT RELEASE_LOCK('195129319130496555')[0m
**Airbrake: closed
  [1m[35m (0.4ms)[0m  [1m[35mSET NAMES utf8mb4 COLLATE utf8mb4_unicode_ci,  @@SESSION.sql_mode = CONCAT(CONCAT(@@sql_mode, ',STRICT_ALL_TABLES'), ',NO_AUTO_VALUE_ON_ZERO'),  @@SESSION.sql_auto_is_null = 0, @@SESSION.wait_timeout = 2147483[0m
  [1m[35m (0.1ms)[0m  [1m[34mSELECT GET_LOCK('195129319130496555', 0)[0m
  [1m[35m (0.2ms)[0m  [1m[34mSELECT `schema_migrations`.`version` FROM `schema_migrations` ORDER BY `schema_migrations`.`version` ASC[0m
Migrating to AddImageAndTimestampsToCatAutomate (20170622135815)
  [1m[35m (0.5ms)[0m  [1m[35mALTER TABLE `cat_automate` ADD `image` varchar(255)[0m
  [1m[35m (0.3ms)[0m  [1m[34mSELECT RELEASE_LOCK('195129319130496555')[0m
**Airbrake: closed
  [1m[35m (0.4ms)[0m  [1m[35mSET NAMES utf8mb4 COLLATE utf8mb4_unicode_ci,  @@SESSION.sql_mode = CONCAT(CONCAT(@@sql_mode, ',STRICT_ALL_TABLES'), ',NO_AUTO_VALUE_ON_ZERO'),  @@SESSION.sql_auto_is_null = 0, @@SESSION.wait_timeout = 2147483[0m
  [1m[35m (0.2ms)[0m  [1m[34mSELECT `schema_migrations`.`version` FROM `schema_migrations` ORDER BY `schema_migrations`.`version` ASC[0m
**Airbrake: closed
  [1m[35m (0.3ms)[0m  [1m[35mSET NAMES utf8mb4 COLLATE utf8mb4_unicode_ci,  @@SESSION.sql_mode = CONCAT(CONCAT(@@sql_mode, ',STRICT_ALL_TABLES'), ',NO_AUTO_VALUE_ON_ZERO'),  @@SESSION.sql_auto_is_null = 0, @@SESSION.wait_timeout = 2147483[0m
  [1m[35m (0.2ms)[0m  [1m[34mSELECT `schema_migrations`.`version` FROM `schema_migrations` ORDER BY `schema_migrations`.`version` ASC[0m
**Airbrake: closed
**Airbrake: closed
**Airbrake: closed
**Airbrake: closed
  [1m[35m (0.5ms)[0m  [1m[35mSET NAMES utf8mb4 COLLATE utf8mb4_unicode_ci,  @@SESSION.sql_mode = CONCAT(CONCAT(@@sql_mode, ',STRICT_ALL_TABLES'), ',NO_AUTO_VALUE_ON_ZERO'),  @@SESSION.sql_auto_is_null = 0, @@SESSION.wait_timeout = 2147483[0m
  [1m[35m (0.1ms)[0m  [1m[34mSELECT `schema_migrations`.`version` FROM `schema_migrations` ORDER BY `schema_migrations`.`version` ASC[0m
  [1m[35m (0.2ms)[0m  [1m[34mSELECT `ar_internal_metadata`.`value` FROM `ar_internal_metadata` WHERE `ar_internal_metadata`.`key` = 'environment'[0m
**Airbrake: closed
  [1m[35m (0.4ms)[0m  [1m[35mSET NAMES utf8mb4 COLLATE utf8mb4_unicode_ci,  @@SESSION.sql_mode = CONCAT(CONCAT(@@sql_mode, ',STRICT_ALL_TABLES'), ',NO_AUTO_VALUE_ON_ZERO'),  @@SESSION.sql_auto_is_null = 0, @@SESSION.wait_timeout = 2147483[0m
  [1m[36mActiveRecord::InternalMetadata Load (0.3ms)[0m  [1m[34mSELECT  `ar_internal_metadata`.* FROM `ar_internal_metadata` WHERE `ar_internal_metadata`.`key` = 'environment' LIMIT 1[0m
  [1m[35m (0.2ms)[0m  [1m[35mBEGIN[0m
  [1m[35mSQL (0.2ms)[0m  [1m[32mINSERT INTO `ar_internal_metadata` (`key`, `value`, `created_at`, `updated_at`) VALUES ('environment', 'development', '2018-03-17 14:26:51', '2018-03-17 14:26:51')[0m
  [1m[35m (26.9ms)[0m  [1m[35mCOMMIT[0m
**Airbrake: closed
  [1m[35m (0.3ms)[0m  [1m[35mSET NAMES utf8mb4 COLLATE utf8mb4_unicode_ci,  @@SESSION.sql_mode = CONCAT(CONCAT(@@sql_mode, ',STRICT_ALL_TABLES'), ',NO_AUTO_VALUE_ON_ZERO'),  @@SESSION.sql_auto_is_null = 0, @@SESSION.wait_timeout = 2147483[0m
  [1m[35m (0.2ms)[0m  [1m[34mSELECT `schema_migrations`.`version` FROM `schema_migrations` ORDER BY `schema_migrations`.`version` ASC[0m
  [1m[35m (0.2ms)[0m  [1m[34mSELECT `ar_internal_metadata`.`value` FROM `ar_internal_metadata` WHERE `ar_internal_metadata`.`key` = 'environment'[0m
  [1m[35m (0.2ms)[0m  [1m[34mSELECT `schema_migrations`.`version` FROM `schema_migrations` ORDER BY `schema_migrations`.`version` ASC[0m
  [1m[35m (0.2ms)[0m  [1m[34mSELECT `ar_internal_metadata`.`value` FROM `ar_internal_metadata` WHERE `ar_internal_metadata`.`key` = 'environment'[0m
  [1m[35m (0.2ms)[0m  [1m[34mSELECT `schema_migrations`.`version` FROM `schema_migrations` ORDER BY `schema_migrations`.`version` ASC[0m
  [1m[35m (0.2ms)[0m  [1m[34mSELECT `ar_internal_metadata`.`value` FROM `ar_internal_metadata` WHERE `ar_internal_metadata`.`key` = 'environment'[0m
  [1m[35m (0.2ms)[0m  [1m[35mSET NAMES utf8mb4 COLLATE utf8mb4_unicode_ci,  @@SESSION.sql_mode = CONCAT(CONCAT(@@sql_mode, ',STRICT_ALL_TABLES'), ',NO_AUTO_VALUE_ON_ZERO'),  @@SESSION.sql_auto_is_null = 0, @@SESSION.wait_timeout = 2147483[0m
  [1m[35m (361.3ms)[0m  [1m[35mDROP DATABASE IF EXISTS `houseqdb`[0m
  [1m[35m (0.2ms)[0m  [1m[35mSET NAMES utf8mb4 COLLATE utf8mb4_unicode_ci,  @@SESSION.sql_mode = CONCAT(CONCAT(@@sql_mode, ',STRICT_ALL_TABLES'), ',NO_AUTO_VALUE_ON_ZERO'),  @@SESSION.sql_auto_is_null = 0, @@SESSION.wait_timeout = 2147483[0m
  [1m[35m (306.7ms)[0m  [1m[35mDROP DATABASE IF EXISTS `houseq_test`[0m
  [1m[35m (0.2ms)[0m  [1m[35mSET NAMES utf8mb4 COLLATE utf8mb4_unicode_ci,  @@SESSION.sql_mode = CONCAT(CONCAT(@@sql_mode, ',STRICT_ALL_TABLES'), ',NO_AUTO_VALUE_ON_ZERO'),  @@SESSION.sql_auto_is_null = 0, @@SESSION.wait_timeout = 2147483[0m
  [1m[35m (0.2ms)[0m  [1m[35mCREATE DATABASE `houseqdb` DEFAULT CHARACTER SET `utf8mb4` COLLATE `utf8mb4_unicode_ci`[0m
  [1m[35m (0.1ms)[0m  [1m[35mSET NAMES utf8mb4 COLLATE utf8mb4_unicode_ci,  @@SESSION.sql_mode = CONCAT(CONCAT(@@sql_mode, ',STRICT_ALL_TABLES'), ',NO_AUTO_VALUE_ON_ZERO'),  @@SESSION.sql_auto_is_null = 0, @@SESSION.wait_timeout = 2147483[0m
  [1m[35m (0.1ms)[0m  [1m[35mCREATE DATABASE `houseq_test` DEFAULT CHARACTER SET `utf8mb4` COLLATE `utf8mb4_unicode_ci`[0m
  [1m[35m (0.2ms)[0m  [1m[35mSET NAMES utf8mb4 COLLATE utf8mb4_unicode_ci,  @@SESSION.sql_mode = CONCAT(CONCAT(@@sql_mode, ',STRICT_ALL_TABLES'), ',NO_AUTO_VALUE_ON_ZERO'),  @@SESSION.sql_auto_is_null = 0, @@SESSION.wait_timeout = 2147483[0m
  [1m[35m (0.1ms)[0m  [1m[35mDROP TABLE IF EXISTS `queue_lists` CASCADE[0m
  [1m[35m (224.3ms)[0m  [1m[35mCREATE TABLE `queue_lists` (`id` bigint NOT NULL AUTO_INCREMENT PRIMARY KEY, `name` varchar(255), `activity` varchar(255), `image` varchar(255), `started_on` date, `user_id` bigint, `created_at` datetime NOT NULL, `updated_at` datetime NOT NULL,  INDEX `index_queue_lists_on_user_id`  (`user_id`)) ENGINE=InnoDB DEFAULT CHARSET=latin1[0m
  [1m[35m (214.9ms)[0m  [1m[35mCREATE TABLE `schema_migrations` (`version` varchar(255) COLLATE utf8_unicode_ci NOT NULL PRIMARY KEY) ENGINE=InnoDB[0m
  [1m[35m (0.4ms)[0m  [1m[34mSELECT `schema_migrations`.`version` FROM `schema_migrations` ORDER BY `schema_migrations`.`version` ASC[0m
  [1m[35m (15.2ms)[0m  [1m[32mINSERT INTO `schema_migrations` (version) VALUES (20170621150438)[0m
  [1m[35m (223.6ms)[0m  [1m[35mCREATE TABLE `ar_internal_metadata` (`key` varchar(255) COLLATE utf8_unicode_ci NOT NULL PRIMARY KEY, `value` varchar(255), `created_at` datetime NOT NULL, `updated_at` datetime NOT NULL) ENGINE=InnoDB[0m
  [1m[36mActiveRecord::InternalMetadata Load (0.4ms)[0m  [1m[34mSELECT  `ar_internal_metadata`.* FROM `ar_internal_metadata` WHERE `ar_internal_metadata`.`key` = 'environment' LIMIT 1[0m
  [1m[35m (0.1ms)[0m  [1m[35mBEGIN[0m
  [1m[35mSQL (0.2ms)[0m  [1m[32mINSERT INTO `ar_internal_metadata` (`key`, `value`, `created_at`, `updated_at`) VALUES ('environment', 'development', '2018-03-17 14:27:05', '2018-03-17 14:27:05')[0m
  [1m[35m (42.5ms)[0m  [1m[35mCOMMIT[0m
  [1m[36mActiveRecord::InternalMetadata Load (0.1ms)[0m  [1m[34mSELECT  `ar_internal_metadata`.* FROM `ar_internal_metadata` WHERE `ar_internal_metadata`.`key` = 'environment' LIMIT 1[0m
  [1m[35m (0.1ms)[0m  [1m[35mBEGIN[0m
  [1m[35m (0.1ms)[0m  [1m[35mCOMMIT[0m
  [1m[35m (0.2ms)[0m  [1m[35mSET NAMES utf8mb4 COLLATE utf8mb4_unicode_ci,  @@SESSION.sql_mode = CONCAT(CONCAT(@@sql_mode, ',STRICT_ALL_TABLES'), ',NO_AUTO_VALUE_ON_ZERO'),  @@SESSION.sql_auto_is_null = 0, @@SESSION.wait_timeout = 2147483[0m
  [1m[35m (0.1ms)[0m  [1m[35mDROP TABLE IF EXISTS `queue_lists` CASCADE[0m
  [1m[35m (261.1ms)[0m  [1m[35mCREATE TABLE `queue_lists` (`id` bigint NOT NULL AUTO_INCREMENT PRIMARY KEY, `name` varchar(255), `activity` varchar(255), `image` varchar(255), `started_on` date, `user_id` bigint, `created_at` datetime NOT NULL, `updated_at` datetime NOT NULL,  INDEX `index_queue_lists_on_user_id`  (`user_id`)) ENGINE=InnoDB DEFAULT CHARSET=latin1[0m
  [1m[35m (205.2ms)[0m  [1m[35mCREATE TABLE `schema_migrations` (`version` varchar(255) COLLATE utf8_unicode_ci NOT NULL PRIMARY KEY) ENGINE=InnoDB[0m
  [1m[35m (0.4ms)[0m  [1m[34mSELECT `schema_migrations`.`version` FROM `schema_migrations` ORDER BY `schema_migrations`.`version` ASC[0m
  [1m[35m (25.2ms)[0m  [1m[32mINSERT INTO `schema_migrations` (version) VALUES (20170621150438)[0m
  [1m[35m (207.2ms)[0m  [1m[35mCREATE TABLE `ar_internal_metadata` (`key` varchar(255) COLLATE utf8_unicode_ci NOT NULL PRIMARY KEY, `value` varchar(255), `created_at` datetime NOT NULL, `updated_at` datetime NOT NULL) ENGINE=InnoDB[0m
  [1m[36mActiveRecord::InternalMetadata Load (0.4ms)[0m  [1m[34mSELECT  `ar_internal_metadata`.* FROM `ar_internal_metadata` WHERE `ar_internal_metadata`.`key` = 'environment' LIMIT 1[0m
  [1m[35m (0.1ms)[0m  [1m[35mBEGIN[0m
  [1m[35mSQL (0.2ms)[0m  [1m[32mINSERT INTO `ar_internal_metadata` (`key`, `value`, `created_at`, `updated_at`) VALUES ('environment', 'development', '2018-03-17 14:27:05', '2018-03-17 14:27:05')[0m
  [1m[35m (39.0ms)[0m  [1m[35mCOMMIT[0m
  [1m[36mActiveRecord::InternalMetadata Load (0.1ms)[0m  [1m[34mSELECT  `ar_internal_metadata`.* FROM `ar_internal_metadata` WHERE `ar_internal_metadata`.`key` = 'environment' LIMIT 1[0m
  [1m[35m (0.1ms)[0m  [1m[35mBEGIN[0m
  [1m[35mSQL (16.9ms)[0m  [1m[33mUPDATE `ar_internal_metadata` SET `value` = 'test' WHERE `ar_internal_metadata`.`key` = 'environment'[0m
  [1m[35m (31.4ms)[0m  [1m[35mCOMMIT[0m
  [1m[35m (0.2ms)[0m  [1m[35mSET NAMES utf8mb4 COLLATE utf8mb4_unicode_ci,  @@SESSION.sql_mode = CONCAT(CONCAT(@@sql_mode, ',STRICT_ALL_TABLES'), ',NO_AUTO_VALUE_ON_ZERO'),  @@SESSION.sql_auto_is_null = 0, @@SESSION.wait_timeout = 2147483[0m
  [1m[35m (0.2ms)[0m  [1m[34mSELECT `schema_migrations`.`version` FROM `schema_migrations` ORDER BY `schema_migrations`.`version` ASC[0m
**Airbrake: closed
  [1m[35m (0.3ms)[0m  [1m[35mSET NAMES utf8mb4 COLLATE utf8mb4_unicode_ci,  @@SESSION.sql_mode = CONCAT(CONCAT(@@sql_mode, ',STRICT_ALL_TABLES'), ',NO_AUTO_VALUE_ON_ZERO'),  @@SESSION.sql_auto_is_null = 0, @@SESSION.wait_timeout = 2147483[0m
  [1m[35m (0.1ms)[0m  [1m[34mSELECT GET_LOCK('195129319130496555', 0)[0m
  [1m[35m (0.2ms)[0m  [1m[34mSELECT `schema_migrations`.`version` FROM `schema_migrations` ORDER BY `schema_migrations`.`version` ASC[0m
Migrating to AddImageAndTimestampsToCatAutomate (20170622135815)
  [1m[35m (0.5ms)[0m  [1m[35mALTER TABLE `cat_automate` ADD `image` varchar(255)[0m
  [1m[35m (0.1ms)[0m  [1m[34mSELECT RELEASE_LOCK('195129319130496555')[0m
**Airbrake: closed
  [1m[35m (0.3ms)[0m  [1m[35mSET NAMES utf8mb4 COLLATE utf8mb4_unicode_ci,  @@SESSION.sql_mode = CONCAT(CONCAT(@@sql_mode, ',STRICT_ALL_TABLES'), ',NO_AUTO_VALUE_ON_ZERO'),  @@SESSION.sql_auto_is_null = 0, @@SESSION.wait_timeout = 2147483[0m
  [1m[35m (0.2ms)[0m  [1m[34mSELECT `schema_migrations`.`version` FROM `schema_migrations` ORDER BY `schema_migrations`.`version` ASC[0m
  [1m[35m (0.2ms)[0m  [1m[34mSELECT `ar_internal_metadata`.`value` FROM `ar_internal_metadata` WHERE `ar_internal_metadata`.`key` = 'environment'[0m
  [1m[35m (0.1ms)[0m  [1m[34mSELECT `schema_migrations`.`version` FROM `schema_migrations` ORDER BY `schema_migrations`.`version` ASC[0m
  [1m[35m (0.1ms)[0m  [1m[34mSELECT `ar_internal_metadata`.`value` FROM `ar_internal_metadata` WHERE `ar_internal_metadata`.`key` = 'environment'[0m
  [1m[35m (0.1ms)[0m  [1m[34mSELECT `schema_migrations`.`version` FROM `schema_migrations` ORDER BY `schema_migrations`.`version` ASC[0m
  [1m[35m (0.1ms)[0m  [1m[34mSELECT `ar_internal_metadata`.`value` FROM `ar_internal_metadata` WHERE `ar_internal_metadata`.`key` = 'environment'[0m
  [1m[35m (0.4ms)[0m  [1m[35mSET NAMES utf8mb4 COLLATE utf8mb4_unicode_ci,  @@SESSION.sql_mode = CONCAT(CONCAT(@@sql_mode, ',STRICT_ALL_TABLES'), ',NO_AUTO_VALUE_ON_ZERO'),  @@SESSION.sql_auto_is_null = 0, @@SESSION.wait_timeout = 2147483[0m
  [1m[35m (132.2ms)[0m  [1m[35mDROP TABLE IF EXISTS `queue_lists` CASCADE[0m
  [1m[35m (282.6ms)[0m  [1m[35mCREATE TABLE `queue_lists` (`id` bigint NOT NULL AUTO_INCREMENT PRIMARY KEY, `name` varchar(255), `activity` varchar(255), `image` varchar(255), `started_on` date, `user_id` bigint, `created_at` datetime NOT NULL, `updated_at` datetime NOT NULL,  INDEX `index_queue_lists_on_user_id`  (`user_id`)) ENGINE=InnoDB DEFAULT CHARSET=latin1[0m
  [1m[35m (0.2ms)[0m  [1m[34mSELECT `schema_migrations`.`version` FROM `schema_migrations` ORDER BY `schema_migrations`.`version` ASC[0m
  [1m[36mActiveRecord::InternalMetadata Load (0.2ms)[0m  [1m[34mSELECT  `ar_internal_metadata`.* FROM `ar_internal_metadata` WHERE `ar_internal_metadata`.`key` = 'environment' LIMIT 1[0m
  [1m[35m (0.1ms)[0m  [1m[35mBEGIN[0m
  [1m[35m (0.1ms)[0m  [1m[35mCOMMIT[0m
  [1m[36mActiveRecord::InternalMetadata Load (0.8ms)[0m  [1m[34mSELECT  `ar_internal_metadata`.* FROM `ar_internal_metadata` WHERE `ar_internal_metadata`.`key` = 'environment' LIMIT 1[0m
  [1m[35m (0.1ms)[0m  [1m[35mBEGIN[0m
  [1m[35m (0.2ms)[0m  [1m[35mCOMMIT[0m
  [1m[35m (0.2ms)[0m  [1m[35mSET NAMES utf8mb4 COLLATE utf8mb4_unicode_ci,  @@SESSION.sql_mode = CONCAT(CONCAT(@@sql_mode, ',STRICT_ALL_TABLES'), ',NO_AUTO_VALUE_ON_ZERO'),  @@SESSION.sql_auto_is_null = 0, @@SESSION.wait_timeout = 2147483[0m
  [1m[35m (84.2ms)[0m  [1m[35mDROP TABLE IF EXISTS `queue_lists` CASCADE[0m
  [1m[35m (232.0ms)[0m  [1m[35mCREATE TABLE `queue_lists` (`id` bigint NOT NULL AUTO_INCREMENT PRIMARY KEY, `name` varchar(255), `activity` varchar(255), `image` varchar(255), `started_on` date, `user_id` bigint, `created_at` datetime NOT NULL, `updated_at` datetime NOT NULL,  INDEX `index_queue_lists_on_user_id`  (`user_id`)) ENGINE=InnoDB DEFAULT CHARSET=latin1[0m
  [1m[35m (0.5ms)[0m  [1m[34mSELECT `schema_migrations`.`version` FROM `schema_migrations` ORDER BY `schema_migrations`.`version` ASC[0m
  [1m[36mActiveRecord::InternalMetadata Load (0.4ms)[0m  [1m[34mSELECT  `ar_internal_metadata`.* FROM `ar_internal_metadata` WHERE `ar_internal_metadata`.`key` = 'environment' LIMIT 1[0m
  [1m[35m (0.1ms)[0m  [1m[35mBEGIN[0m
  [1m[35mSQL (23.5ms)[0m  [1m[33mUPDATE `ar_internal_metadata` SET `value` = 'development', `updated_at` = '2018-03-18 00:23:05' WHERE `ar_internal_metadata`.`key` = 'environment'[0m
  [1m[35m (35.4ms)[0m  [1m[35mCOMMIT[0m
  [1m[36mActiveRecord::InternalMetadata Load (0.2ms)[0m  [1m[34mSELECT  `ar_internal_metadata`.* FROM `ar_internal_metadata` WHERE `ar_internal_metadata`.`key` = 'environment' LIMIT 1[0m
  [1m[35m (0.1ms)[0m  [1m[35mBEGIN[0m
  [1m[35mSQL (0.3ms)[0m  [1m[33mUPDATE `ar_internal_metadata` SET `value` = 'test' WHERE `ar_internal_metadata`.`key` = 'environment'[0m
  [1m[35m (44.5ms)[0m  [1m[35mCOMMIT[0m
  [1m[35m (0.2ms)[0m  [1m[35mSET NAMES utf8mb4 COLLATE utf8mb4_unicode_ci,  @@SESSION.sql_mode = CONCAT(CONCAT(@@sql_mode, ',STRICT_ALL_TABLES'), ',NO_AUTO_VALUE_ON_ZERO'),  @@SESSION.sql_auto_is_null = 0, @@SESSION.wait_timeout = 2147483[0m
  [1m[35m (0.2ms)[0m  [1m[34mSELECT `schema_migrations`.`version` FROM `schema_migrations` ORDER BY `schema_migrations`.`version` ASC[0m
**Airbrake: closed
  [1m[35m (0.4ms)[0m  [1m[35mSET NAMES utf8mb4 COLLATE utf8mb4_unicode_ci,  @@SESSION.sql_mode = CONCAT(CONCAT(@@sql_mode, ',STRICT_ALL_TABLES'), ',NO_AUTO_VALUE_ON_ZERO'),  @@SESSION.sql_auto_is_null = 0, @@SESSION.wait_timeout = 2147483[0m
  [1m[35m (0.2ms)[0m  [1m[34mSELECT `schema_migrations`.`version` FROM `schema_migrations` ORDER BY `schema_migrations`.`version` ASC[0m
  [1m[35m (0.2ms)[0m  [1m[34mSELECT `ar_internal_metadata`.`value` FROM `ar_internal_metadata` WHERE `ar_internal_metadata`.`key` = 'environment'[0m
  [1m[35m (0.1ms)[0m  [1m[34mSELECT `schema_migrations`.`version` FROM `schema_migrations` ORDER BY `schema_migrations`.`version` ASC[0m
  [1m[35m (0.1ms)[0m  [1m[34mSELECT `ar_internal_metadata`.`value` FROM `ar_internal_metadata` WHERE `ar_internal_metadata`.`key` = 'environment'[0m
  [1m[35m (0.1ms)[0m  [1m[34mSELECT `schema_migrations`.`version` FROM `schema_migrations` ORDER BY `schema_migrations`.`version` ASC[0m
  [1m[35m (0.2ms)[0m  [1m[34mSELECT `ar_internal_metadata`.`value` FROM `ar_internal_metadata` WHERE `ar_internal_metadata`.`key` = 'environment'[0m
  [1m[35m (0.2ms)[0m  [1m[35mSET NAMES utf8mb4 COLLATE utf8mb4_unicode_ci,  @@SESSION.sql_mode = CONCAT(CONCAT(@@sql_mode, ',STRICT_ALL_TABLES'), ',NO_AUTO_VALUE_ON_ZERO'),  @@SESSION.sql_auto_is_null = 0, @@SESSION.wait_timeout = 2147483[0m
  [1m[35m (84.3ms)[0m  [1m[35mDROP TABLE IF EXISTS `queue_lists` CASCADE[0m
  [1m[35m (248.8ms)[0m  [1m[35mCREATE TABLE `queue_lists` (`id` bigint NOT NULL AUTO_INCREMENT PRIMARY KEY, `name` varchar(255), `activity` varchar(255), `image` varchar(255), `started_on` date, `user_id` bigint, `created_at` datetime NOT NULL, `updated_at` datetime NOT NULL,  INDEX `index_queue_lists_on_user_id`  (`user_id`)) ENGINE=InnoDB DEFAULT CHARSET=latin1[0m
  [1m[35m (0.2ms)[0m  [1m[34mSELECT `schema_migrations`.`version` FROM `schema_migrations` ORDER BY `schema_migrations`.`version` ASC[0m
  [1m[36mActiveRecord::InternalMetadata Load (0.2ms)[0m  [1m[34mSELECT  `ar_internal_metadata`.* FROM `ar_internal_metadata` WHERE `ar_internal_metadata`.`key` = 'environment' LIMIT 1[0m
  [1m[35m (0.1ms)[0m  [1m[35mBEGIN[0m
  [1m[35m (0.1ms)[0m  [1m[35mCOMMIT[0m
  [1m[36mActiveRecord::InternalMetadata Load (0.2ms)[0m  [1m[34mSELECT  `ar_internal_metadata`.* FROM `ar_internal_metadata` WHERE `ar_internal_metadata`.`key` = 'environment' LIMIT 1[0m
  [1m[35m (0.1ms)[0m  [1m[35mBEGIN[0m
  [1m[35m (1.1ms)[0m  [1m[35mCOMMIT[0m
  [1m[35m (0.2ms)[0m  [1m[35mSET NAMES utf8mb4 COLLATE utf8mb4_unicode_ci,  @@SESSION.sql_mode = CONCAT(CONCAT(@@sql_mode, ',STRICT_ALL_TABLES'), ',NO_AUTO_VALUE_ON_ZERO'),  @@SESSION.sql_auto_is_null = 0, @@SESSION.wait_timeout = 2147483[0m
  [1m[35m (88.0ms)[0m  [1m[35mDROP TABLE IF EXISTS `queue_lists` CASCADE[0m
  [1m[35m (240.0ms)[0m  [1m[35mCREATE TABLE `queue_lists` (`id` bigint NOT NULL AUTO_INCREMENT PRIMARY KEY, `name` varchar(255), `activity` varchar(255), `image` varchar(255), `started_on` date, `user_id` bigint, `created_at` datetime NOT NULL, `updated_at` datetime NOT NULL,  INDEX `index_queue_lists_on_user_id`  (`user_id`)) ENGINE=InnoDB DEFAULT CHARSET=latin1[0m
  [1m[35m (0.2ms)[0m  [1m[34mSELECT `schema_migrations`.`version` FROM `schema_migrations` ORDER BY `schema_migrations`.`version` ASC[0m
  [1m[36mActiveRecord::InternalMetadata Load (0.2ms)[0m  [1m[34mSELECT  `ar_internal_metadata`.* FROM `ar_internal_metadata` WHERE `ar_internal_metadata`.`key` = 'environment' LIMIT 1[0m
  [1m[35m (0.1ms)[0m  [1m[35mBEGIN[0m
  [1m[35mSQL (0.2ms)[0m  [1m[33mUPDATE `ar_internal_metadata` SET `value` = 'development', `updated_at` = '2018-03-18 00:23:23' WHERE `ar_internal_metadata`.`key` = 'environment'[0m
  [1m[35m (51.0ms)[0m  [1m[35mCOMMIT[0m
  [1m[36mActiveRecord::InternalMetadata Load (0.2ms)[0m  [1m[34mSELECT  `ar_internal_metadata`.* FROM `ar_internal_metadata` WHERE `ar_internal_metadata`.`key` = 'environment' LIMIT 1[0m
  [1m[35m (0.1ms)[0m  [1m[35mBEGIN[0m
  [1m[35mSQL (0.2ms)[0m  [1m[33mUPDATE `ar_internal_metadata` SET `value` = 'test' WHERE `ar_internal_metadata`.`key` = 'environment'[0m
  [1m[35m (37.6ms)[0m  [1m[35mCOMMIT[0m
**Airbrake: closed
  [1m[35m (0.3ms)[0m  [1m[35mSET NAMES utf8mb4 COLLATE utf8mb4_unicode_ci,  @@SESSION.sql_mode = CONCAT(CONCAT(@@sql_mode, ',STRICT_ALL_TABLES'), ',NO_AUTO_VALUE_ON_ZERO'),  @@SESSION.sql_auto_is_null = 0, @@SESSION.wait_timeout = 2147483[0m
  [1m[35m (0.2ms)[0m  [1m[34mSELECT GET_LOCK('195129319130496555', 0)[0m
  [1m[35m (0.3ms)[0m  [1m[34mSELECT `schema_migrations`.`version` FROM `schema_migrations` ORDER BY `schema_migrations`.`version` ASC[0m
Migrating to AddImageAndTimestampsToCatAutomate (20170622135815)
  [1m[35m (0.5ms)[0m  [1m[35mALTER TABLE `cat_automate` ADD `image` varchar(255)[0m
  [1m[35m (0.2ms)[0m  [1m[34mSELECT RELEASE_LOCK('195129319130496555')[0m
**Airbrake: closed
  [1m[35m (0.6ms)[0m  [1m[35mSET NAMES utf8mb4 COLLATE utf8mb4_unicode_ci,  @@SESSION.sql_mode = CONCAT(CONCAT(@@sql_mode, ',STRICT_ALL_TABLES'), ',NO_AUTO_VALUE_ON_ZERO'),  @@SESSION.sql_auto_is_null = 0, @@SESSION.wait_timeout = 2147483[0m
  [1m[35m (0.2ms)[0m  [1m[35mSET NAMES utf8mb4 COLLATE utf8mb4_unicode_ci,  @@SESSION.sql_mode = CONCAT(CONCAT(@@sql_mode, ',STRICT_ALL_TABLES'), ',NO_AUTO_VALUE_ON_ZERO'),  @@SESSION.sql_auto_is_null = 0, @@SESSION.wait_timeout = 2147483[0m
  [1m[35m (0.2ms)[0m  [1m[35mDROP TABLE IF EXISTS `queue_lists` CASCADE[0m
  [1m[35m (609.0ms)[0m  [1m[35mCREATE TABLE `queue_lists` (`id` bigint NOT NULL AUTO_INCREMENT PRIMARY KEY, `name` varchar(255), `activity` varchar(255), `image` varchar(255), `started_on` date, `user_id` bigint, `created_at` datetime NOT NULL, `updated_at` datetime NOT NULL,  INDEX `index_queue_lists_on_user_id`  (`user_id`)) ENGINE=InnoDB DEFAULT CHARSET=latin1[0m
  [1m[35m (229.8ms)[0m  [1m[35mCREATE TABLE `schema_migrations` (`version` varchar(255) COLLATE utf8_unicode_ci NOT NULL PRIMARY KEY) ENGINE=InnoDB[0m
  [1m[35m (0.1ms)[0m  [1m[34mSELECT `schema_migrations`.`version` FROM `schema_migrations` ORDER BY `schema_migrations`.`version` ASC[0m
  [1m[35m (47.8ms)[0m  [1m[32mINSERT INTO `schema_migrations` (version) VALUES (20170621150438)[0m
  [1m[35m (263.0ms)[0m  [1m[35mCREATE TABLE `ar_internal_metadata` (`key` varchar(255) COLLATE utf8_unicode_ci NOT NULL PRIMARY KEY, `value` varchar(255), `created_at` datetime NOT NULL, `updated_at` datetime NOT NULL) ENGINE=InnoDB[0m
  [1m[36mActiveRecord::InternalMetadata Load (0.2ms)[0m  [1m[34mSELECT  `ar_internal_metadata`.* FROM `ar_internal_metadata` WHERE `ar_internal_metadata`.`key` = 'environment' LIMIT 1[0m
  [1m[35m (0.1ms)[0m  [1m[35mBEGIN[0m
  [1m[35mSQL (0.2ms)[0m  [1m[32mINSERT INTO `ar_internal_metadata` (`key`, `value`, `created_at`, `updated_at`) VALUES ('environment', 'development', '2018-03-18 00:25:56', '2018-03-18 00:25:56')[0m
  [1m[35m (41.2ms)[0m  [1m[35mCOMMIT[0m
  [1m[36mActiveRecord::InternalMetadata Load (0.2ms)[0m  [1m[34mSELECT  `ar_internal_metadata`.* FROM `ar_internal_metadata` WHERE `ar_internal_metadata`.`key` = 'environment' LIMIT 1[0m
  [1m[35m (0.1ms)[0m  [1m[35mBEGIN[0m
  [1m[35m (0.1ms)[0m  [1m[35mCOMMIT[0m
  [1m[35m (0.2ms)[0m  [1m[35mSET NAMES utf8mb4 COLLATE utf8mb4_unicode_ci,  @@SESSION.sql_mode = CONCAT(CONCAT(@@sql_mode, ',STRICT_ALL_TABLES'), ',NO_AUTO_VALUE_ON_ZERO'),  @@SESSION.sql_auto_is_null = 0, @@SESSION.wait_timeout = 2147483[0m
  [1m[35m (89.1ms)[0m  [1m[35mDROP TABLE IF EXISTS `queue_lists` CASCADE[0m
  [1m[35m (232.2ms)[0m  [1m[35mCREATE TABLE `queue_lists` (`id` bigint NOT NULL AUTO_INCREMENT PRIMARY KEY, `name` varchar(255), `activity` varchar(255), `image` varchar(255), `started_on` date, `user_id` bigint, `created_at` datetime NOT NULL, `updated_at` datetime NOT NULL,  INDEX `index_queue_lists_on_user_id`  (`user_id`)) ENGINE=InnoDB DEFAULT CHARSET=latin1[0m
  [1m[35m (0.2ms)[0m  [1m[34mSELECT `schema_migrations`.`version` FROM `schema_migrations` ORDER BY `schema_migrations`.`version` ASC[0m
  [1m[36mActiveRecord::InternalMetadata Load (0.2ms)[0m  [1m[34mSELECT  `ar_internal_metadata`.* FROM `ar_internal_metadata` WHERE `ar_internal_metadata`.`key` = 'environment' LIMIT 1[0m
  [1m[35m (0.1ms)[0m  [1m[35mBEGIN[0m
  [1m[35mSQL (0.2ms)[0m  [1m[33mUPDATE `ar_internal_metadata` SET `value` = 'development', `updated_at` = '2018-03-18 00:25:56' WHERE `ar_internal_metadata`.`key` = 'environment'[0m
  [1m[35m (36.0ms)[0m  [1m[35mCOMMIT[0m
  [1m[36mActiveRecord::InternalMetadata Load (0.2ms)[0m  [1m[34mSELECT  `ar_internal_metadata`.* FROM `ar_internal_metadata` WHERE `ar_internal_metadata`.`key` = 'environment' LIMIT 1[0m
  [1m[35m (0.1ms)[0m  [1m[35mBEGIN[0m
  [1m[35mSQL (0.2ms)[0m  [1m[33mUPDATE `ar_internal_metadata` SET `value` = 'test' WHERE `ar_internal_metadata`.`key` = 'environment'[0m
  [1m[35m (39.1ms)[0m  [1m[35mCOMMIT[0m
  [1m[35m (0.2ms)[0m  [1m[35mSET NAMES utf8mb4 COLLATE utf8mb4_unicode_ci,  @@SESSION.sql_mode = CONCAT(CONCAT(@@sql_mode, ',STRICT_ALL_TABLES'), ',NO_AUTO_VALUE_ON_ZERO'),  @@SESSION.sql_auto_is_null = 0, @@SESSION.wait_timeout = 2147483[0m
  [1m[35m (0.2ms)[0m  [1m[34mSELECT `schema_migrations`.`version` FROM `schema_migrations` ORDER BY `schema_migrations`.`version` ASC[0m
**Airbrake: closed
Started GET "/" for 127.0.0.1 at 2018-03-19 09:53:39 +0800
  [1m[35m (0.5ms)[0m  [1m[35mSET NAMES utf8mb4 COLLATE utf8mb4_unicode_ci,  @@SESSION.sql_mode = CONCAT(CONCAT(@@sql_mode, ',STRICT_ALL_TABLES'), ',NO_AUTO_VALUE_ON_ZERO'),  @@SESSION.sql_auto_is_null = 0, @@SESSION.wait_timeout = 2147483[0m
  [1m[35m (0.3ms)[0m  [1m[34mSELECT `schema_migrations`.`version` FROM `schema_migrations` ORDER BY `schema_migrations`.`version` ASC[0m
  
ActiveRecord::PendingMigrationError (

Migrations are pending. To resolve this issue, run:

        bin/rails db:migrate RAILS_ENV=development

):
  
activerecord (5.1.5) lib/active_record/migration.rb:576:in `check_pending!'
activerecord (5.1.5) lib/active_record/migration.rb:553:in `call'
actionpack (5.1.5) lib/action_dispatch/middleware/callbacks.rb:26:in `block in call'
activesupport (5.1.5) lib/active_support/callbacks.rb:97:in `run_callbacks'
actionpack (5.1.5) lib/action_dispatch/middleware/callbacks.rb:24:in `call'
actionpack (5.1.5) lib/action_dispatch/middleware/executor.rb:12:in `call'
airbrake (7.2.1) lib/airbrake/rack/middleware.rb:52:in `call'
actionpack (5.1.5) lib/action_dispatch/middleware/debug_exceptions.rb:59:in `call'
web-console (3.5.1) lib/web_console/middleware.rb:135:in `call_app'
web-console (3.5.1) lib/web_console/middleware.rb:28:in `block in call'
web-console (3.5.1) lib/web_console/middleware.rb:18:in `catch'
web-console (3.5.1) lib/web_console/middleware.rb:18:in `call'
actionpack (5.1.5) lib/action_dispatch/middleware/show_exceptions.rb:31:in `call'
railties (5.1.5) lib/rails/rack/logger.rb:36:in `call_app'
railties (5.1.5) lib/rails/rack/logger.rb:24:in `block in call'
activesupport (5.1.5) lib/active_support/tagged_logging.rb:69:in `block in tagged'
activesupport (5.1.5) lib/active_support/tagged_logging.rb:26:in `tagged'
activesupport (5.1.5) lib/active_support/tagged_logging.rb:69:in `tagged'
railties (5.1.5) lib/rails/rack/logger.rb:24:in `call'
sprockets-rails (3.2.1) lib/sprockets/rails/quiet_assets.rb:13:in `call'
actionpack (5.1.5) lib/action_dispatch/middleware/remote_ip.rb:79:in `call'
request_store (1.4.1) lib/request_store/middleware.rb:19:in `call'
actionpack (5.1.5) lib/action_dispatch/middleware/request_id.rb:25:in `call'
rack (2.0.4) lib/rack/method_override.rb:22:in `call'
rack (2.0.4) lib/rack/runtime.rb:22:in `call'
activesupport (5.1.5) lib/active_support/cache/strategy/local_cache_middleware.rb:27:in `call'
actionpack (5.1.5) lib/action_dispatch/middleware/executor.rb:12:in `call'
rack-livereload (0.3.16) lib/rack/livereload.rb:23:in `_call'
rack-livereload (0.3.16) lib/rack/livereload.rb:14:in `call'
actionpack (5.1.5) lib/action_dispatch/middleware/static.rb:125:in `call'
rack (2.0.4) lib/rack/sendfile.rb:111:in `call'
rack-cors (1.0.2) lib/rack/cors.rb:97:in `call'
railties (5.1.5) lib/rails/engine.rb:522:in `call'
puma (3.11.3) lib/puma/configuration.rb:225:in `call'
puma (3.11.3) lib/puma/server.rb:624:in `handle_request'
puma (3.11.3) lib/puma/server.rb:438:in `process_client'
puma (3.11.3) lib/puma/server.rb:302:in `block in run'
puma (3.11.3) lib/puma/thread_pool.rb:120:in `block in spawn_thread'
**Airbrake: closed
  [1m[35m (0.3ms)[0m  [1m[35mSET NAMES utf8mb4 COLLATE utf8mb4_unicode_ci,  @@SESSION.sql_mode = CONCAT(CONCAT(@@sql_mode, ',STRICT_ALL_TABLES'), ',NO_AUTO_VALUE_ON_ZERO'),  @@SESSION.sql_auto_is_null = 0, @@SESSION.wait_timeout = 2147483[0m
  [1m[35m (0.1ms)[0m  [1m[34mSELECT GET_LOCK('195129319130496555', 0)[0m
  [1m[35m (0.3ms)[0m  [1m[34mSELECT `schema_migrations`.`version` FROM `schema_migrations` ORDER BY `schema_migrations`.`version` ASC[0m
Migrating to AddOtherImageUrlToQueuePost (20171208091504)
  [1m[35m (559.2ms)[0m  [1m[35mALTER TABLE `queue_posts` ADD `other_image_url` varchar(255)[0m
  [1m[35m (0.1ms)[0m  [1m[35mBEGIN[0m
  [1m[35mSQL (29.4ms)[0m  [1m[32mINSERT INTO `schema_migrations` (`version`) VALUES ('20171208091504')[0m
  [1m[35m (109.3ms)[0m  [1m[35mCOMMIT[0m
Migrating to AddOtherImageUrlToKnackPost (20171208092649)
  [1m[35m (83.7ms)[0m  [1m[35mALTER TABLE `knack_post` ADD `other_image_url` varchar(255)[0m
  [1m[35m (0.1ms)[0m  [1m[35mBEGIN[0m
  [1m[35mSQL (0.2ms)[0m  [1m[32mINSERT INTO `schema_migrations` (`version`) VALUES ('20171208092649')[0m
  [1m[35m (26.2ms)[0m  [1m[35mCOMMIT[0m
Migrating to CreateDatabaseStructure (20180317142404)
  [1m[35m (433.2ms)[0m  [1m[35mCREATE TABLE `database_structures` (`id` bigint NOT NULL AUTO_INCREMENT PRIMARY KEY) ENGINE=InnoDB[0m
  [1m[35m (0.1ms)[0m  [1m[35mBEGIN[0m
  [1m[35mSQL (0.2ms)[0m  [1m[32mINSERT INTO `schema_migrations` (`version`) VALUES ('20180317142404')[0m
  [1m[35m (15.7ms)[0m  [1m[35mCOMMIT[0m
Migrating to ImportData (20180317142540)
  [1m[35m (0.2ms)[0m  [1m[35mBEGIN[0m
  [1m[35mSQL (0.3ms)[0m  [1m[32mINSERT INTO `schema_migrations` (`version`) VALUES ('20180317142540')[0m
  [1m[35m (30.9ms)[0m  [1m[35mCOMMIT[0m
  [1m[36mActiveRecord::InternalMetadata Load (0.2ms)[0m  [1m[34mSELECT  `ar_internal_metadata`.* FROM `ar_internal_metadata` WHERE `ar_internal_metadata`.`key` = 'environment' LIMIT 1[0m
  [1m[35m (0.1ms)[0m  [1m[35mBEGIN[0m
  [1m[35mSQL (28.7ms)[0m  [1m[33mUPDATE `ar_internal_metadata` SET `value` = 'development', `updated_at` = '2018-03-19 01:53:59' WHERE `ar_internal_metadata`.`key` = 'environment'[0m
  [1m[35m (25.6ms)[0m  [1m[35mCOMMIT[0m
  [1m[35m (0.2ms)[0m  [1m[34mSELECT RELEASE_LOCK('195129319130496555')[0m
  [1m[35m (0.2ms)[0m  [1m[34mSELECT `schema_migrations`.`version` FROM `schema_migrations` ORDER BY `schema_migrations`.`version` ASC[0m
**Airbrake: closed
Started GET "/" for 127.0.0.1 at 2018-03-19 09:54:46 +0800
  [1m[35m (22.6ms)[0m  [1m[35mSET NAMES utf8mb4 COLLATE utf8mb4_unicode_ci,  @@SESSION.sql_mode = CONCAT(CONCAT(@@sql_mode, ',STRICT_ALL_TABLES'), ',NO_AUTO_VALUE_ON_ZERO'),  @@SESSION.sql_auto_is_null = 0, @@SESSION.wait_timeout = 2147483[0m
  [1m[35m (0.2ms)[0m  [1m[34mSELECT `schema_migrations`.`version` FROM `schema_migrations` ORDER BY `schema_migrations`.`version` ASC[0m
Processing by PostsController#index as HTML
Completed 401 Unauthorized in 10ms (ActiveRecord: 0.0ms)


Started GET "/login" for 127.0.0.1 at 2018-03-19 09:54:47 +0800
Processing by Users::SessionsController#new as HTML
  Rendering devise/sessions/new.html.erb within layouts/application
  Rendered devise/shared/_links.html.erb (3.2ms)
  Rendered devise/sessions/new.html.erb within layouts/application (147.0ms)
  Rendered layouts/_navbar.html.erb (1.7ms)
  Rendered layouts/_flash_messages.html.erb (0.5ms)
Completed 200 OK in 23791ms (Views: 23644.9ms | ActiveRecord: 13.2ms)


Started GET "/login?type=get" for 127.0.0.1 at 2018-03-19 09:55:13 +0800
Processing by Users::SessionsController#new as */*
  Parameters: {"type"=>"get"}
  Rendering devise/sessions/new.html.erb within layouts/application
  Rendered devise/shared/_links.html.erb (1.8ms)
  Rendered devise/sessions/new.html.erb within layouts/application (12.9ms)
  Rendered layouts/_navbar.html.erb (1.9ms)
  Rendered layouts/_flash_messages.html.erb (0.4ms)
Completed 200 OK in 238ms (Views: 236.8ms | ActiveRecord: 0.0ms)


Started GET "/sign_up" for 127.0.0.1 at 2018-03-19 09:55:41 +0800
Processing by Users::RegistrationsController#new as HTML
  Rendering devise/registrations/new.html.erb within layouts/application
  Rendered devise/shared/_links.html.erb (1.1ms)
  Rendered devise/registrations/new.html.erb within layouts/application (26.4ms)
  Rendered layouts/_navbar.html.erb (3.4ms)
  Rendered layouts/_flash_messages.html.erb (0.5ms)
Completed 200 OK in 249ms (Views: 248.1ms | ActiveRecord: 0.0ms)


Started GET "/sign_up?type=get" for 127.0.0.1 at 2018-03-19 09:55:43 +0800
Processing by Users::RegistrationsController#new as */*
  Parameters: {"type"=>"get"}
  Rendering devise/registrations/new.html.erb within layouts/application
  Rendered devise/shared/_links.html.erb (1.0ms)
  Rendered devise/registrations/new.html.erb within layouts/application (19.2ms)
  Rendered layouts/_navbar.html.erb (1.5ms)
  Rendered layouts/_flash_messages.html.erb (0.4ms)
Completed 200 OK in 259ms (Views: 258.6ms | ActiveRecord: 0.0ms)


Started POST "/" for 127.0.0.1 at 2018-03-19 09:56:09 +0800
Processing by Users::RegistrationsController#create as HTML
  Parameters: {"utf8"=>"✓", "authenticity_token"=>"bDdvUQc6qxSEpnStKetjckRiQzdrcXwFaqZMG6NrE8U7KKMIqEluaDHNynXGe9UihZoVfqpbAjKV/EyxCvOcYA==", "user"=>{"first_name"=>"Ronald", "last_name"=>"Ortega", "phone"=>"6329905961", "email"=>"rjhayortega@mail.com", "password"=>"[FILTERED]", "password_confirmation"=>"[FILTERED]"}, "commit"=>"Sign up"}
  [1m[35m (0.1ms)[0m  [1m[35mBEGIN[0m
  [1m[36mUser Exists (17.7ms)[0m  [1m[34mSELECT  1 AS one FROM `hq_users` WHERE `hq_users`.`email` = BINARY 'rjhayortega@mail.com' LIMIT 1[0m
  [1m[36mCACHE User Exists (0.0ms)[0m  [1m[34mSELECT  1 AS one FROM `hq_users` WHERE `hq_users`.`email` = BINARY 'rjhayortega@mail.com' LIMIT 1[0m  [["email", "rjhayortega@mail.com"], ["LIMIT", 1]]
  [1m[36mUser Load (0.6ms)[0m  [1m[34mSELECT  `hq_users`.* FROM `hq_users` WHERE `hq_users`.`authentication_token` = 'VdsaUtmxpA3qjxWrdXdY' ORDER BY `hq_users`.`id` ASC LIMIT 1[0m
  [1m[35mSQL (0.3ms)[0m  [1m[32mINSERT INTO `hq_users` (`first_name`, `last_name`, `email`, `phone`, `encrypted_password`, `authentication_token`) VALUES ('Ronald', 'Ortega', 'rjhayortega@mail.com', '6329905961', '$2a$11$qqOSgN2XiCT7tqZIz3aB6.m/wGa/knZpVP9IAORgCzM7C40sy1J6i', 'VdsaUtmxpA3qjxWrdXdY')[0m
  [1m[35mSQL (0.5ms)[0m  [1m[33mUPDATE `hq_users` SET `hq_users`.`user_type` = 'Interest Account', `hq_users`.`paid` = 0, `hq_users`.`plan_id` = 'FREE', `hq_users`.`plan_amount` = '0', `hq_users`.`status` = 1, `hq_users`.`account_limit` = 8, `hq_users`.`email_verify` = '5d43d399fbc56a703e660f3ec27f7fd9', `hq_users`.`registered_date` = '2018-03-19', `hq_users`.`expiry_notification_date` = '2018-04-16', `hq_users`.`expiry_date` = '2018-04-19' WHERE `hq_users`.`id` = 920[0m
  [1m[35m (20.7ms)[0m  [1m[35mCOMMIT[0m
  [1m[35m (0.1ms)[0m  [1m[35mBEGIN[0m
  [1m[35mSQL (0.4ms)[0m  [1m[33mUPDATE `hq_users` SET `sign_in_count` = 1, `current_sign_in_at` = '2018-03-19 01:56:10', `last_sign_in_at` = '2018-03-19 01:56:10', `current_sign_in_ip` = '127.0.0.1', `last_sign_in_ip` = '127.0.0.1' WHERE `hq_users`.`id` = 920[0m
  [1m[35m (35.9ms)[0m  [1m[35mCOMMIT[0m
Redirected to http://localhost:3000?type=login&token=VdsaUtmxpA3qjxWrdXdY
Completed 302 Found in 625ms (ActiveRecord: 76.4ms)


Started GET "/?type=login&token=VdsaUtmxpA3qjxWrdXdY" for 127.0.0.1 at 2018-03-19 09:56:10 +0800
Processing by PostsController#index as HTML
  Parameters: {"type"=>"login", "token"=>"VdsaUtmxpA3qjxWrdXdY"}
  [1m[36mUser Load (0.4ms)[0m  [1m[34mSELECT  `hq_users`.* FROM `hq_users` WHERE `hq_users`.`id` = 920 ORDER BY `hq_users`.`id` ASC LIMIT 1[0m
  [1m[36mPost Load (7.1ms)[0m  [1m[34mSELECT `knack_post`.* FROM `knack_post` WHERE `knack_post`.`user_id` = 920[0m
  Rendering posts/index.html.slim within layouts/application
  Rendering posts/index.json.jbuilder
  [1m[36mPost Load (24.5ms)[0m  [1m[34mSELECT `knack_post`.* FROM `knack_post` WHERE `knack_post`.`user_id` = 920 AND (scheduled_at > '2018-01-19 01:56:10.828945') ORDER BY `knack_post`.`scheduled_at` ASC[0m
  Rendered posts/index.json.jbuilder (54.0ms)
  Rendered posts/index.html.slim within layouts/application (87.0ms)
  Rendered layouts/_add_profile_modal.html.erb (0.8ms)
  Rendered layouts/_upgrade_plan_modal.html.erb (0.2ms)
  Rendered layouts/_navbar.html.erb (2.2ms)
  Rendered queue_lists/_sidebar.html.slim (21.4ms)
  Rendered layouts/_flash_messages.html.erb (0.5ms)
Completed 200 OK in 537ms (Views: 294.9ms | ActiveRecord: 75.2ms)


Started GET "/?type=login&token=VdsaUtmxpA3qjxWrdXdY&type=get" for 127.0.0.1 at 2018-03-19 09:56:11 +0800
Processing by PostsController#index as */*
  Parameters: {"type"=>"get", "token"=>"VdsaUtmxpA3qjxWrdXdY"}
  [1m[36mUser Load (0.4ms)[0m  [1m[34mSELECT  `hq_users`.* FROM `hq_users` WHERE `hq_users`.`id` = 920 ORDER BY `hq_users`.`id` ASC LIMIT 1[0m
  [1m[36mPost Load (7.0ms)[0m  [1m[34mSELECT `knack_post`.* FROM `knack_post` WHERE `knack_post`.`user_id` = 920[0m
  Rendering posts/index.html.slim within layouts/application
  Rendering posts/index.json.jbuilder
  [1m[36mPost Load (7.5ms)[0m  [1m[34mSELECT `knack_post`.* FROM `knack_post` WHERE `knack_post`.`user_id` = 920 AND (scheduled_at > '2018-01-19 01:56:11.900603') ORDER BY `knack_post`.`scheduled_at` ASC[0m
  Rendered posts/index.json.jbuilder (12.9ms)
  Rendered posts/index.html.slim within layouts/application (26.9ms)
  Rendered layouts/_add_profile_modal.html.erb (1.1ms)
  Rendered layouts/_upgrade_plan_modal.html.erb (0.4ms)
  Rendered layouts/_navbar.html.erb (4.2ms)
  Rendered queue_lists/_sidebar.html.slim (38.4ms)
  Rendered layouts/_flash_messages.html.erb (0.6ms)
Completed 200 OK in 339ms (Views: 315.6ms | ActiveRecord: 15.0ms)


Started GET "/accounts" for 127.0.0.1 at 2018-03-19 09:58:47 +0800
Processing by AccountsController#index as HTML
  [1m[36mUser Load (0.5ms)[0m  [1m[34mSELECT  `hq_users`.* FROM `hq_users` WHERE `hq_users`.`id` = 920 ORDER BY `hq_users`.`id` ASC LIMIT 1[0m
  [1m[36mProfilePage Load (1.0ms)[0m  [1m[34mSELECT `knack_pages`.* FROM `knack_pages` WHERE `knack_pages`.`user_id` = 920 AND (`knack_pages`.`page_type` != 'business_page') AND `knack_pages`.`connect` = 1 AND `knack_pages`.`page_type` = '' ORDER BY `knack_pages`.`id` DESC[0m
  Rendering accounts/index.html.slim within layouts/application
  [1m[36mProfile Load (0.4ms)[0m  [1m[34mSELECT `knack_profiles`.* FROM `knack_profiles` WHERE `knack_profiles`.`user_id` = 920[0m
  Rendered collection of templates [0 times] (0.0ms)
  Rendered collection of profiles/_profile.html.slim [0 times] (0.0ms)
  Rendered accounts/_fb_modal.html.erb (0.8ms)
  Rendered accounts/index.html.slim within layouts/application (574.1ms)
  Rendered layouts/_add_profile_modal.html.erb (0.9ms)
  Rendered layouts/_upgrade_plan_modal.html.erb (0.3ms)
  Rendered layouts/_navbar.html.erb (2.4ms)
  Rendered queue_lists/_sidebar.html.slim (14.5ms)
  Rendered layouts/_flash_messages.html.erb (0.4ms)
Completed 200 OK in 828ms (Views: 793.6ms | ActiveRecord: 5.4ms)


Started GET "/accounts?type=get" for 127.0.0.1 at 2018-03-19 09:58:49 +0800
Processing by AccountsController#index as */*
  Parameters: {"type"=>"get"}
  [1m[36mUser Load (0.5ms)[0m  [1m[34mSELECT  `hq_users`.* FROM `hq_users` WHERE `hq_users`.`id` = 920 ORDER BY `hq_users`.`id` ASC LIMIT 1[0m
  [1m[36mProfilePage Load (3.6ms)[0m  [1m[34mSELECT `knack_pages`.* FROM `knack_pages` WHERE `knack_pages`.`user_id` = 920 AND (`knack_pages`.`page_type` != 'business_page') AND `knack_pages`.`connect` = 1 AND `knack_pages`.`page_type` = '' ORDER BY `knack_pages`.`id` DESC[0m
  Rendering accounts/index.html.slim within layouts/application
  [1m[36mProfile Load (21.7ms)[0m  [1m[34mSELECT `knack_profiles`.* FROM `knack_profiles` WHERE `knack_profiles`.`user_id` = 920[0m
  Rendered collection of templates [0 times] (0.0ms)
  Rendered collection of profiles/_profile.html.slim [0 times] (0.0ms)
  Rendered accounts/_fb_modal.html.erb (0.7ms)
  Rendered accounts/index.html.slim within layouts/application (609.8ms)
  Rendered layouts/_add_profile_modal.html.erb (0.9ms)
  Rendered layouts/_upgrade_plan_modal.html.erb (0.4ms)
  Rendered layouts/_navbar.html.erb (2.6ms)
  Rendered queue_lists/_sidebar.html.slim (21.8ms)
  Rendered layouts/_flash_messages.html.erb (0.5ms)
Completed 200 OK in 952ms (Views: 919.0ms | ActiveRecord: 25.8ms)


Started GET "/get_account_limit" for 127.0.0.1 at 2018-03-19 09:58:51 +0800
Processing by PagesController#get_account_limit as */*
  Parameters: {"page"=>{}}
  [1m[36mUser Load (0.6ms)[0m  [1m[34mSELECT  `hq_users`.* FROM `hq_users` WHERE `hq_users`.`id` = 920 ORDER BY `hq_users`.`id` ASC LIMIT 1[0m
  [1m[35m (14.6ms)[0m  [1m[34mSELECT COUNT(*) FROM `knack_profiles` WHERE `knack_profiles`.`user_id` = 920[0m
Completed 200 OK in 26ms (Views: 0.3ms | ActiveRecord: 15.1ms)


Started GET "/images/font_bg.jpg" for 127.0.0.1 at 2018-03-19 09:58:51 +0800
  
ActionController::RoutingError (No route matches [GET] "/images/font_bg.jpg"):
  
actionpack (5.1.5) lib/action_dispatch/middleware/debug_exceptions.rb:63:in `call'
web-console (3.5.1) lib/web_console/middleware.rb:135:in `call_app'
web-console (3.5.1) lib/web_console/middleware.rb:28:in `block in call'
web-console (3.5.1) lib/web_console/middleware.rb:18:in `catch'
web-console (3.5.1) lib/web_console/middleware.rb:18:in `call'
actionpack (5.1.5) lib/action_dispatch/middleware/show_exceptions.rb:31:in `call'
railties (5.1.5) lib/rails/rack/logger.rb:36:in `call_app'
railties (5.1.5) lib/rails/rack/logger.rb:24:in `block in call'
activesupport (5.1.5) lib/active_support/tagged_logging.rb:69:in `block in tagged'
activesupport (5.1.5) lib/active_support/tagged_logging.rb:26:in `tagged'
activesupport (5.1.5) lib/active_support/tagged_logging.rb:69:in `tagged'
railties (5.1.5) lib/rails/rack/logger.rb:24:in `call'
sprockets-rails (3.2.1) lib/sprockets/rails/quiet_assets.rb:13:in `call'
actionpack (5.1.5) lib/action_dispatch/middleware/remote_ip.rb:79:in `call'
request_store (1.4.1) lib/request_store/middleware.rb:19:in `call'
actionpack (5.1.5) lib/action_dispatch/middleware/request_id.rb:25:in `call'
rack (2.0.4) lib/rack/method_override.rb:22:in `call'
rack (2.0.4) lib/rack/runtime.rb:22:in `call'
activesupport (5.1.5) lib/active_support/cache/strategy/local_cache_middleware.rb:27:in `call'
actionpack (5.1.5) lib/action_dispatch/middleware/executor.rb:12:in `call'
rack-livereload (0.3.16) lib/rack/livereload.rb:23:in `_call'
rack-livereload (0.3.16) lib/rack/livereload.rb:14:in `call'
actionpack (5.1.5) lib/action_dispatch/middleware/static.rb:125:in `call'
rack (2.0.4) lib/rack/sendfile.rb:111:in `call'
rack-cors (1.0.2) lib/rack/cors.rb:97:in `call'
railties (5.1.5) lib/rails/engine.rb:522:in `call'
puma (3.11.3) lib/puma/configuration.rb:225:in `call'
puma (3.11.3) lib/puma/server.rb:624:in `handle_request'
puma (3.11.3) lib/puma/server.rb:438:in `process_client'
puma (3.11.3) lib/puma/server.rb:302:in `block in run'
puma (3.11.3) lib/puma/thread_pool.rb:120:in `block in spawn_thread'
Started GET "/accounts?type=get" for 127.0.0.1 at 2018-03-19 09:59:09 +0800
Processing by AccountsController#index as */*
  Parameters: {"type"=>"get"}
  [1m[36mUser Load (1.8ms)[0m  [1m[34mSELECT  `hq_users`.* FROM `hq_users` WHERE `hq_users`.`id` = 920 ORDER BY `hq_users`.`id` ASC LIMIT 1[0m
  [1m[36mProfilePage Load (1.2ms)[0m  [1m[34mSELECT `knack_pages`.* FROM `knack_pages` WHERE `knack_pages`.`user_id` = 920 AND (`knack_pages`.`page_type` != 'business_page') AND `knack_pages`.`connect` = 1 AND `knack_pages`.`page_type` = '' ORDER BY `knack_pages`.`id` DESC[0m
  Rendering accounts/index.html.slim within layouts/application
  [1m[36mProfile Load (0.4ms)[0m  [1m[34mSELECT `knack_profiles`.* FROM `knack_profiles` WHERE `knack_profiles`.`user_id` = 920[0m
  Rendered collection of templates [0 times] (0.0ms)
  Rendered collection of profiles/_profile.html.slim [0 times] (0.0ms)
  Rendered accounts/_fb_modal.html.erb (0.8ms)
  Rendered accounts/index.html.slim within layouts/application (673.5ms)
  Rendered layouts/_add_profile_modal.html.erb (0.8ms)
  Rendered layouts/_upgrade_plan_modal.html.erb (0.4ms)
  Rendered layouts/_navbar.html.erb (2.4ms)
  Rendered queue_lists/_sidebar.html.slim (13.8ms)
  Rendered layouts/_flash_messages.html.erb (0.6ms)
Completed 200 OK in 985ms (Views: 970.5ms | ActiveRecord: 3.4ms)


Started GET "/get_account_limit" for 127.0.0.1 at 2018-03-19 09:59:11 +0800
Processing by PagesController#get_account_limit as */*
  Parameters: {"page"=>{}}
  [1m[36mUser Load (0.5ms)[0m  [1m[34mSELECT  `hq_users`.* FROM `hq_users` WHERE `hq_users`.`id` = 920 ORDER BY `hq_users`.`id` ASC LIMIT 1[0m
  [1m[35m (2.5ms)[0m  [1m[34mSELECT COUNT(*) FROM `knack_profiles` WHERE `knack_profiles`.`user_id` = 920[0m
Completed 200 OK in 7ms (Views: 0.2ms | ActiveRecord: 3.0ms)


Started GET "/images/font_bg.jpg" for 127.0.0.1 at 2018-03-19 09:59:11 +0800
  
ActionController::RoutingError (No route matches [GET] "/images/font_bg.jpg"):
  
actionpack (5.1.5) lib/action_dispatch/middleware/debug_exceptions.rb:63:in `call'
web-console (3.5.1) lib/web_console/middleware.rb:135:in `call_app'
web-console (3.5.1) lib/web_console/middleware.rb:28:in `block in call'
web-console (3.5.1) lib/web_console/middleware.rb:18:in `catch'
web-console (3.5.1) lib/web_console/middleware.rb:18:in `call'
actionpack (5.1.5) lib/action_dispatch/middleware/show_exceptions.rb:31:in `call'
railties (5.1.5) lib/rails/rack/logger.rb:36:in `call_app'
railties (5.1.5) lib/rails/rack/logger.rb:24:in `block in call'
activesupport (5.1.5) lib/active_support/tagged_logging.rb:69:in `block in tagged'
activesupport (5.1.5) lib/active_support/tagged_logging.rb:26:in `tagged'
activesupport (5.1.5) lib/active_support/tagged_logging.rb:69:in `tagged'
railties (5.1.5) lib/rails/rack/logger.rb:24:in `call'
sprockets-rails (3.2.1) lib/sprockets/rails/quiet_assets.rb:13:in `call'
actionpack (5.1.5) lib/action_dispatch/middleware/remote_ip.rb:79:in `call'
request_store (1.4.1) lib/request_store/middleware.rb:19:in `call'
actionpack (5.1.5) lib/action_dispatch/middleware/request_id.rb:25:in `call'
rack (2.0.4) lib/rack/method_override.rb:22:in `call'
rack (2.0.4) lib/rack/runtime.rb:22:in `call'
activesupport (5.1.5) lib/active_support/cache/strategy/local_cache_middleware.rb:27:in `call'
actionpack (5.1.5) lib/action_dispatch/middleware/executor.rb:12:in `call'
rack-livereload (0.3.16) lib/rack/livereload.rb:23:in `_call'
rack-livereload (0.3.16) lib/rack/livereload.rb:14:in `call'
actionpack (5.1.5) lib/action_dispatch/middleware/static.rb:125:in `call'
rack (2.0.4) lib/rack/sendfile.rb:111:in `call'
rack-cors (1.0.2) lib/rack/cors.rb:97:in `call'
railties (5.1.5) lib/rails/engine.rb:522:in `call'
puma (3.11.3) lib/puma/configuration.rb:225:in `call'
puma (3.11.3) lib/puma/server.rb:624:in `handle_request'
puma (3.11.3) lib/puma/server.rb:438:in `process_client'
puma (3.11.3) lib/puma/server.rb:302:in `block in run'
puma (3.11.3) lib/puma/thread_pool.rb:120:in `block in spawn_thread'
Started GET "/accounts?type=get" for 127.0.0.1 at 2018-03-19 09:59:19 +0800
Processing by AccountsController#index as */*
  Parameters: {"type"=>"get"}
  [1m[36mUser Load (0.5ms)[0m  [1m[34mSELECT  `hq_users`.* FROM `hq_users` WHERE `hq_users`.`id` = 920 ORDER BY `hq_users`.`id` ASC LIMIT 1[0m
  [1m[36mProfilePage Load (1.2ms)[0m  [1m[34mSELECT `knack_pages`.* FROM `knack_pages` WHERE `knack_pages`.`user_id` = 920 AND (`knack_pages`.`page_type` != 'business_page') AND `knack_pages`.`connect` = 1 AND `knack_pages`.`page_type` = '' ORDER BY `knack_pages`.`id` DESC[0m
  Rendering accounts/index.html.slim within layouts/application
  [1m[36mProfile Load (0.4ms)[0m  [1m[34mSELECT `knack_profiles`.* FROM `knack_profiles` WHERE `knack_profiles`.`user_id` = 920[0m
  Rendered collection of templates [0 times] (0.0ms)
  Rendered collection of profiles/_profile.html.slim [0 times] (0.0ms)
  Rendered accounts/_fb_modal.html.erb (0.9ms)
  Rendered accounts/index.html.slim within layouts/application (640.6ms)
  Rendered layouts/_add_profile_modal.html.erb (0.9ms)
  Rendered layouts/_upgrade_plan_modal.html.erb (0.3ms)
  Rendered layouts/_navbar.html.erb (2.6ms)
  Rendered queue_lists/_sidebar.html.slim (15.0ms)
  Rendered layouts/_flash_messages.html.erb (0.6ms)
Completed 200 OK in 963ms (Views: 948.1ms | ActiveRecord: 2.1ms)


Started GET "/get_account_limit" for 127.0.0.1 at 2018-03-19 09:59:21 +0800
Processing by PagesController#get_account_limit as */*
  Parameters: {"page"=>{}}
  [1m[36mUser Load (0.5ms)[0m  [1m[34mSELECT  `hq_users`.* FROM `hq_users` WHERE `hq_users`.`id` = 920 ORDER BY `hq_users`.`id` ASC LIMIT 1[0m
  [1m[35m (0.3ms)[0m  [1m[34mSELECT COUNT(*) FROM `knack_profiles` WHERE `knack_profiles`.`user_id` = 920[0m
Completed 200 OK in 5ms (Views: 0.2ms | ActiveRecord: 0.8ms)


Started GET "/images/font_bg.jpg" for 127.0.0.1 at 2018-03-19 09:59:22 +0800
  
ActionController::RoutingError (No route matches [GET] "/images/font_bg.jpg"):
  
actionpack (5.1.5) lib/action_dispatch/middleware/debug_exceptions.rb:63:in `call'
web-console (3.5.1) lib/web_console/middleware.rb:135:in `call_app'
web-console (3.5.1) lib/web_console/middleware.rb:28:in `block in call'
web-console (3.5.1) lib/web_console/middleware.rb:18:in `catch'
web-console (3.5.1) lib/web_console/middleware.rb:18:in `call'
actionpack (5.1.5) lib/action_dispatch/middleware/show_exceptions.rb:31:in `call'
railties (5.1.5) lib/rails/rack/logger.rb:36:in `call_app'
railties (5.1.5) lib/rails/rack/logger.rb:24:in `block in call'
activesupport (5.1.5) lib/active_support/tagged_logging.rb:69:in `block in tagged'
activesupport (5.1.5) lib/active_support/tagged_logging.rb:26:in `tagged'
activesupport (5.1.5) lib/active_support/tagged_logging.rb:69:in `tagged'
railties (5.1.5) lib/rails/rack/logger.rb:24:in `call'
sprockets-rails (3.2.1) lib/sprockets/rails/quiet_assets.rb:13:in `call'
actionpack (5.1.5) lib/action_dispatch/middleware/remote_ip.rb:79:in `call'
request_store (1.4.1) lib/request_store/middleware.rb:19:in `call'
actionpack (5.1.5) lib/action_dispatch/middleware/request_id.rb:25:in `call'
rack (2.0.4) lib/rack/method_override.rb:22:in `call'
rack (2.0.4) lib/rack/runtime.rb:22:in `call'
activesupport (5.1.5) lib/active_support/cache/strategy/local_cache_middleware.rb:27:in `call'
actionpack (5.1.5) lib/action_dispatch/middleware/executor.rb:12:in `call'
rack-livereload (0.3.16) lib/rack/livereload.rb:23:in `_call'
rack-livereload (0.3.16) lib/rack/livereload.rb:14:in `call'
actionpack (5.1.5) lib/action_dispatch/middleware/static.rb:125:in `call'
rack (2.0.4) lib/rack/sendfile.rb:111:in `call'
rack-cors (1.0.2) lib/rack/cors.rb:97:in `call'
railties (5.1.5) lib/rails/engine.rb:522:in `call'
puma (3.11.3) lib/puma/configuration.rb:225:in `call'
puma (3.11.3) lib/puma/server.rb:624:in `handle_request'
puma (3.11.3) lib/puma/server.rb:438:in `process_client'
puma (3.11.3) lib/puma/server.rb:302:in `block in run'
puma (3.11.3) lib/puma/thread_pool.rb:120:in `block in spawn_thread'
**Airbrake: closed
**Airbrake: closed
**Airbrake: closed
  [1m[35m (27.2ms)[0m  [1m[35mSET NAMES utf8mb4 COLLATE utf8mb4_unicode_ci,  @@SESSION.sql_mode = CONCAT(CONCAT(@@sql_mode, ',STRICT_ALL_TABLES'), ',NO_AUTO_VALUE_ON_ZERO'),  @@SESSION.sql_auto_is_null = 0, @@SESSION.wait_timeout = 2147483[0m
  [1m[35m (0.1ms)[0m  [1m[34mSELECT GET_LOCK('195129319130496555', 0)[0m
  [1m[35m (0.2ms)[0m  [1m[34mSELECT `schema_migrations`.`version` FROM `schema_migrations` ORDER BY `schema_migrations`.`version` ASC[0m
Migrating to UpdateHqUsers (20180319030359)
  [1m[35m (961.4ms)[0m  [1m[35mALTER TABLE `hq_users` ADD `provider` varchar(50) DEFAULT '' NOT NULL[0m
  [1m[35m (892.2ms)[0m  [1m[35mALTER TABLE `hq_users` ADD `uid` varchar(500) DEFAULT '' NOT NULL[0m
  [1m[35m (0.1ms)[0m  [1m[35mBEGIN[0m
  [1m[35mSQL (0.1ms)[0m  [1m[32mINSERT INTO `schema_migrations` (`version`) VALUES ('20180319030359')[0m
  [1m[35m (30.6ms)[0m  [1m[35mCOMMIT[0m
Migrating to CreateSessions (20180319033428)
  [1m[35m (292.1ms)[0m  [1m[35mCREATE TABLE `sessions` (`id` bigint NOT NULL AUTO_INCREMENT PRIMARY KEY, `session_id` varchar(255) NOT NULL, `data` text, `created_at` datetime NOT NULL, `updated_at` datetime NOT NULL) ENGINE=InnoDB[0m
  [1m[35m (220.2ms)[0m  [1m[35mCREATE UNIQUE INDEX `index_sessions_on_session_id`  ON `sessions` (`session_id`) [0m
  [1m[35m (102.8ms)[0m  [1m[35mCREATE  INDEX `index_sessions_on_updated_at`  ON `sessions` (`updated_at`) [0m
  [1m[35m (0.2ms)[0m  [1m[35mBEGIN[0m
  [1m[35mSQL (0.2ms)[0m  [1m[32mINSERT INTO `schema_migrations` (`version`) VALUES ('20180319033428')[0m
  [1m[35m (24.5ms)[0m  [1m[35mCOMMIT[0m
  [1m[36mActiveRecord::InternalMetadata Load (0.3ms)[0m  [1m[34mSELECT  `ar_internal_metadata`.* FROM `ar_internal_metadata` WHERE `ar_internal_metadata`.`key` = 'environment' LIMIT 1[0m
  [1m[35m (0.2ms)[0m  [1m[35mBEGIN[0m
  [1m[35m (0.1ms)[0m  [1m[35mCOMMIT[0m
  [1m[35m (0.2ms)[0m  [1m[34mSELECT RELEASE_LOCK('195129319130496555')[0m
  [1m[35m (0.2ms)[0m  [1m[34mSELECT `schema_migrations`.`version` FROM `schema_migrations` ORDER BY `schema_migrations`.`version` ASC[0m
**Airbrake: closed
**Airbrake: closed
**Airbrake: closed
Started GET "/accounts" for 127.0.0.1 at 2018-03-19 12:02:00 +0800
  [1m[35m (30.7ms)[0m  [1m[35mSET NAMES utf8mb4 COLLATE utf8mb4_unicode_ci,  @@SESSION.sql_mode = CONCAT(CONCAT(@@sql_mode, ',STRICT_ALL_TABLES'), ',NO_AUTO_VALUE_ON_ZERO'),  @@SESSION.sql_auto_is_null = 0, @@SESSION.wait_timeout = 2147483[0m
  [1m[35m (0.2ms)[0m  [1m[34mSELECT `schema_migrations`.`version` FROM `schema_migrations` ORDER BY `schema_migrations`.`version` ASC[0m
Processing by AccountsController#index as HTML
  [1m[36mUser Load (0.5ms)[0m  [1m[34mSELECT  `hq_users`.* FROM `hq_users` WHERE `hq_users`.`id` = 920 ORDER BY `hq_users`.`id` ASC LIMIT 1[0m
Completed 500 Internal Server Error in 161ms (ActiveRecord: 3.3ms)


  
NameError (undefined local variable or method `confirmed_at' for #<User:0x0000558018adc008>
Did you mean?  confirmed?):
  
activemodel (5.1.5) lib/active_model/attribute_methods.rb:432:in `method_missing'
devise (4.4.2) lib/devise/models/confirmable.rb:107:in `confirmed?'
devise (4.4.2) lib/devise/models/confirmable.rb:188:in `confirmation_required?'
devise (4.4.2) lib/devise/models/confirmable.rb:145:in `active_for_authentication?'
devise (4.4.2) lib/devise/models/lockable.rb:82:in `active_for_authentication?'
devise (4.4.2) lib/devise/hooks/activatable.rb:7:in `block in <top (required)>'
warden (1.2.7) lib/warden/hooks.rb:15:in `block in _run_callbacks'
warden (1.2.7) lib/warden/hooks.rb:10:in `each'
warden (1.2.7) lib/warden/hooks.rb:10:in `_run_callbacks'
warden (1.2.7) lib/warden/manager.rb:52:in `_run_callbacks'
warden (1.2.7) lib/warden/proxy.rb:180:in `set_user'
warden (1.2.7) lib/warden/proxy.rb:218:in `user'
warden (1.2.7) lib/warden/proxy.rb:323:in `_perform_authentication'
warden (1.2.7) lib/warden/proxy.rb:128:in `authenticate!'
devise (4.4.2) lib/devise/controllers/helpers.rb:118:in `authenticate_user!'
activesupport (5.1.5) lib/active_support/callbacks.rb:413:in `block in make_lambda'
activesupport (5.1.5) lib/active_support/callbacks.rb:197:in `block (2 levels) in halting'
actionpack (5.1.5) lib/abstract_controller/callbacks.rb:12:in `block (2 levels) in <module:Callbacks>'
activesupport (5.1.5) lib/active_support/callbacks.rb:198:in `block in halting'
activesupport (5.1.5) lib/active_support/callbacks.rb:507:in `block in invoke_before'
activesupport (5.1.5) lib/active_support/callbacks.rb:507:in `each'
activesupport (5.1.5) lib/active_support/callbacks.rb:507:in `invoke_before'
activesupport (5.1.5) lib/active_support/callbacks.rb:130:in `run_callbacks'
actionpack (5.1.5) lib/abstract_controller/callbacks.rb:19:in `process_action'
actionpack (5.1.5) lib/action_controller/metal/rescue.rb:20:in `process_action'
actionpack (5.1.5) lib/action_controller/metal/instrumentation.rb:32:in `block in process_action'
activesupport (5.1.5) lib/active_support/notifications.rb:166:in `block in instrument'
activesupport (5.1.5) lib/active_support/notifications/instrumenter.rb:21:in `instrument'
activesupport (5.1.5) lib/active_support/notifications.rb:166:in `instrument'
actionpack (5.1.5) lib/action_controller/metal/instrumentation.rb:30:in `process_action'
actionpack (5.1.5) lib/action_controller/metal/params_wrapper.rb:252:in `process_action'
activerecord (5.1.5) lib/active_record/railties/controller_runtime.rb:22:in `process_action'
actionpack (5.1.5) lib/abstract_controller/base.rb:124:in `process'
actionview (5.1.5) lib/action_view/rendering.rb:30:in `process'
actionpack (5.1.5) lib/action_controller/metal.rb:189:in `dispatch'
actionpack (5.1.5) lib/action_controller/metal.rb:253:in `dispatch'
actionpack (5.1.5) lib/action_dispatch/routing/route_set.rb:49:in `dispatch'
actionpack (5.1.5) lib/action_dispatch/routing/route_set.rb:31:in `serve'
actionpack (5.1.5) lib/action_dispatch/journey/router.rb:50:in `block in serve'
actionpack (5.1.5) lib/action_dispatch/journey/router.rb:33:in `each'
actionpack (5.1.5) lib/action_dispatch/journey/router.rb:33:in `serve'
actionpack (5.1.5) lib/action_dispatch/routing/route_set.rb:844:in `call'
omniauth (1.8.1) lib/omniauth/strategy.rb:190:in `call!'
omniauth (1.8.1) lib/omniauth/strategy.rb:168:in `call'
omniauth (1.8.1) lib/omniauth/strategy.rb:190:in `call!'
omniauth (1.8.1) lib/omniauth/strategy.rb:168:in `call'
omniauth (1.8.1) lib/omniauth/builder.rb:63:in `call'
warden (1.2.7) lib/warden/manager.rb:36:in `block in call'
warden (1.2.7) lib/warden/manager.rb:35:in `catch'
warden (1.2.7) lib/warden/manager.rb:35:in `call'
rack (2.0.4) lib/rack/etag.rb:25:in `call'
rack (2.0.4) lib/rack/conditional_get.rb:25:in `call'
rack (2.0.4) lib/rack/head.rb:12:in `call'
rack (2.0.4) lib/rack/session/abstract/id.rb:232:in `context'
rack (2.0.4) lib/rack/session/abstract/id.rb:226:in `call'
actionpack (5.1.5) lib/action_dispatch/middleware/cookies.rb:613:in `call'
activerecord (5.1.5) lib/active_record/migration.rb:556:in `call'
actionpack (5.1.5) lib/action_dispatch/middleware/callbacks.rb:26:in `block in call'
activesupport (5.1.5) lib/active_support/callbacks.rb:97:in `run_callbacks'
actionpack (5.1.5) lib/action_dispatch/middleware/callbacks.rb:24:in `call'
actionpack (5.1.5) lib/action_dispatch/middleware/executor.rb:12:in `call'
airbrake (7.2.1) lib/airbrake/rack/middleware.rb:52:in `call'
actionpack (5.1.5) lib/action_dispatch/middleware/debug_exceptions.rb:59:in `call'
web-console (3.5.1) lib/web_console/middleware.rb:135:in `call_app'
web-console (3.5.1) lib/web_console/middleware.rb:28:in `block in call'
web-console (3.5.1) lib/web_console/middleware.rb:18:in `catch'
web-console (3.5.1) lib/web_console/middleware.rb:18:in `call'
actionpack (5.1.5) lib/action_dispatch/middleware/show_exceptions.rb:31:in `call'
railties (5.1.5) lib/rails/rack/logger.rb:36:in `call_app'
railties (5.1.5) lib/rails/rack/logger.rb:24:in `block in call'
activesupport (5.1.5) lib/active_support/tagged_logging.rb:69:in `block in tagged'
activesupport (5.1.5) lib/active_support/tagged_logging.rb:26:in `tagged'
activesupport (5.1.5) lib/active_support/tagged_logging.rb:69:in `tagged'
railties (5.1.5) lib/rails/rack/logger.rb:24:in `call'
sprockets-rails (3.2.1) lib/sprockets/rails/quiet_assets.rb:13:in `call'
actionpack (5.1.5) lib/action_dispatch/middleware/remote_ip.rb:79:in `call'
request_store (1.4.1) lib/request_store/middleware.rb:19:in `call'
actionpack (5.1.5) lib/action_dispatch/middleware/request_id.rb:25:in `call'
rack (2.0.4) lib/rack/method_override.rb:22:in `call'
rack (2.0.4) lib/rack/runtime.rb:22:in `call'
activesupport (5.1.5) lib/active_support/cache/strategy/local_cache_middleware.rb:27:in `call'
actionpack (5.1.5) lib/action_dispatch/middleware/executor.rb:12:in `call'
rack-livereload (0.3.16) lib/rack/livereload.rb:23:in `_call'
rack-livereload (0.3.16) lib/rack/livereload.rb:14:in `call'
actionpack (5.1.5) lib/action_dispatch/middleware/static.rb:125:in `call'
rack (2.0.4) lib/rack/sendfile.rb:111:in `call'
rack-cors (1.0.2) lib/rack/cors.rb:97:in `call'
railties (5.1.5) lib/rails/engine.rb:522:in `call'
puma (3.11.3) lib/puma/configuration.rb:225:in `call'
puma (3.11.3) lib/puma/server.rb:624:in `handle_request'
puma (3.11.3) lib/puma/server.rb:438:in `process_client'
puma (3.11.3) lib/puma/server.rb:302:in `block in run'
puma (3.11.3) lib/puma/thread_pool.rb:120:in `block in spawn_thread'
Started GET "/" for 127.0.0.1 at 2018-03-19 12:02:16 +0800
Processing by PostsController#index as HTML
  [1m[36mUser Load (0.6ms)[0m  [1m[34mSELECT  `hq_users`.* FROM `hq_users` WHERE `hq_users`.`id` = 920 ORDER BY `hq_users`.`id` ASC LIMIT 1[0m
Completed 500 Internal Server Error in 61ms (ActiveRecord: 0.6ms)


  
NameError (undefined local variable or method `confirmed_at' for #<User:0x00005580167857a8>
Did you mean?  confirmed?):
  
activemodel (5.1.5) lib/active_model/attribute_methods.rb:432:in `method_missing'
devise (4.4.2) lib/devise/models/confirmable.rb:107:in `confirmed?'
devise (4.4.2) lib/devise/models/confirmable.rb:188:in `confirmation_required?'
devise (4.4.2) lib/devise/models/confirmable.rb:145:in `active_for_authentication?'
devise (4.4.2) lib/devise/models/lockable.rb:82:in `active_for_authentication?'
devise (4.4.2) lib/devise/hooks/activatable.rb:7:in `block in <top (required)>'
warden (1.2.7) lib/warden/hooks.rb:15:in `block in _run_callbacks'
warden (1.2.7) lib/warden/hooks.rb:10:in `each'
warden (1.2.7) lib/warden/hooks.rb:10:in `_run_callbacks'
warden (1.2.7) lib/warden/manager.rb:52:in `_run_callbacks'
warden (1.2.7) lib/warden/proxy.rb:180:in `set_user'
warden (1.2.7) lib/warden/proxy.rb:218:in `user'
warden (1.2.7) lib/warden/proxy.rb:323:in `_perform_authentication'
warden (1.2.7) lib/warden/proxy.rb:128:in `authenticate!'
devise (4.4.2) lib/devise/controllers/helpers.rb:118:in `authenticate_user!'
activesupport (5.1.5) lib/active_support/callbacks.rb:413:in `block in make_lambda'
activesupport (5.1.5) lib/active_support/callbacks.rb:197:in `block (2 levels) in halting'
actionpack (5.1.5) lib/abstract_controller/callbacks.rb:12:in `block (2 levels) in <module:Callbacks>'
activesupport (5.1.5) lib/active_support/callbacks.rb:198:in `block in halting'
activesupport (5.1.5) lib/active_support/callbacks.rb:507:in `block in invoke_before'
activesupport (5.1.5) lib/active_support/callbacks.rb:507:in `each'
activesupport (5.1.5) lib/active_support/callbacks.rb:507:in `invoke_before'
activesupport (5.1.5) lib/active_support/callbacks.rb:130:in `run_callbacks'
actionpack (5.1.5) lib/abstract_controller/callbacks.rb:19:in `process_action'
actionpack (5.1.5) lib/action_controller/metal/rescue.rb:20:in `process_action'
actionpack (5.1.5) lib/action_controller/metal/instrumentation.rb:32:in `block in process_action'
activesupport (5.1.5) lib/active_support/notifications.rb:166:in `block in instrument'
activesupport (5.1.5) lib/active_support/notifications/instrumenter.rb:21:in `instrument'
activesupport (5.1.5) lib/active_support/notifications.rb:166:in `instrument'
actionpack (5.1.5) lib/action_controller/metal/instrumentation.rb:30:in `process_action'
actionpack (5.1.5) lib/action_controller/metal/params_wrapper.rb:252:in `process_action'
activerecord (5.1.5) lib/active_record/railties/controller_runtime.rb:22:in `process_action'
actionpack (5.1.5) lib/abstract_controller/base.rb:124:in `process'
actionview (5.1.5) lib/action_view/rendering.rb:30:in `process'
actionpack (5.1.5) lib/action_controller/metal.rb:189:in `dispatch'
actionpack (5.1.5) lib/action_controller/metal.rb:253:in `dispatch'
actionpack (5.1.5) lib/action_dispatch/routing/route_set.rb:49:in `dispatch'
actionpack (5.1.5) lib/action_dispatch/routing/route_set.rb:31:in `serve'
actionpack (5.1.5) lib/action_dispatch/journey/router.rb:50:in `block in serve'
actionpack (5.1.5) lib/action_dispatch/journey/router.rb:33:in `each'
actionpack (5.1.5) lib/action_dispatch/journey/router.rb:33:in `serve'
actionpack (5.1.5) lib/action_dispatch/routing/route_set.rb:844:in `call'
omniauth (1.8.1) lib/omniauth/strategy.rb:190:in `call!'
omniauth (1.8.1) lib/omniauth/strategy.rb:168:in `call'
omniauth (1.8.1) lib/omniauth/strategy.rb:190:in `call!'
omniauth (1.8.1) lib/omniauth/strategy.rb:168:in `call'
omniauth (1.8.1) lib/omniauth/builder.rb:63:in `call'
warden (1.2.7) lib/warden/manager.rb:36:in `block in call'
warden (1.2.7) lib/warden/manager.rb:35:in `catch'
warden (1.2.7) lib/warden/manager.rb:35:in `call'
rack (2.0.4) lib/rack/etag.rb:25:in `call'
rack (2.0.4) lib/rack/conditional_get.rb:25:in `call'
rack (2.0.4) lib/rack/head.rb:12:in `call'
rack (2.0.4) lib/rack/session/abstract/id.rb:232:in `context'
rack (2.0.4) lib/rack/session/abstract/id.rb:226:in `call'
actionpack (5.1.5) lib/action_dispatch/middleware/cookies.rb:613:in `call'
activerecord (5.1.5) lib/active_record/migration.rb:556:in `call'
actionpack (5.1.5) lib/action_dispatch/middleware/callbacks.rb:26:in `block in call'
activesupport (5.1.5) lib/active_support/callbacks.rb:97:in `run_callbacks'
actionpack (5.1.5) lib/action_dispatch/middleware/callbacks.rb:24:in `call'
actionpack (5.1.5) lib/action_dispatch/middleware/executor.rb:12:in `call'
airbrake (7.2.1) lib/airbrake/rack/middleware.rb:52:in `call'
actionpack (5.1.5) lib/action_dispatch/middleware/debug_exceptions.rb:59:in `call'
web-console (3.5.1) lib/web_console/middleware.rb:135:in `call_app'
web-console (3.5.1) lib/web_console/middleware.rb:28:in `block in call'
web-console (3.5.1) lib/web_console/middleware.rb:18:in `catch'
web-console (3.5.1) lib/web_console/middleware.rb:18:in `call'
actionpack (5.1.5) lib/action_dispatch/middleware/show_exceptions.rb:31:in `call'
railties (5.1.5) lib/rails/rack/logger.rb:36:in `call_app'
railties (5.1.5) lib/rails/rack/logger.rb:24:in `block in call'
activesupport (5.1.5) lib/active_support/tagged_logging.rb:69:in `block in tagged'
activesupport (5.1.5) lib/active_support/tagged_logging.rb:26:in `tagged'
activesupport (5.1.5) lib/active_support/tagged_logging.rb:69:in `tagged'
railties (5.1.5) lib/rails/rack/logger.rb:24:in `call'
sprockets-rails (3.2.1) lib/sprockets/rails/quiet_assets.rb:13:in `call'
actionpack (5.1.5) lib/action_dispatch/middleware/remote_ip.rb:79:in `call'
request_store (1.4.1) lib/request_store/middleware.rb:19:in `call'
actionpack (5.1.5) lib/action_dispatch/middleware/request_id.rb:25:in `call'
rack (2.0.4) lib/rack/method_override.rb:22:in `call'
rack (2.0.4) lib/rack/runtime.rb:22:in `call'
activesupport (5.1.5) lib/active_support/cache/strategy/local_cache_middleware.rb:27:in `call'
actionpack (5.1.5) lib/action_dispatch/middleware/executor.rb:12:in `call'
rack-livereload (0.3.16) lib/rack/livereload.rb:23:in `_call'
rack-livereload (0.3.16) lib/rack/livereload.rb:14:in `call'
actionpack (5.1.5) lib/action_dispatch/middleware/static.rb:125:in `call'
rack (2.0.4) lib/rack/sendfile.rb:111:in `call'
rack-cors (1.0.2) lib/rack/cors.rb:97:in `call'
railties (5.1.5) lib/rails/engine.rb:522:in `call'
puma (3.11.3) lib/puma/configuration.rb:225:in `call'
puma (3.11.3) lib/puma/server.rb:624:in `handle_request'
puma (3.11.3) lib/puma/server.rb:438:in `process_client'
puma (3.11.3) lib/puma/server.rb:302:in `block in run'
puma (3.11.3) lib/puma/thread_pool.rb:120:in `block in spawn_thread'
**Airbrake: closed
**Airbrake: closed
**Airbrake: closed
Started GET "/" for 127.0.0.1 at 2018-03-19 12:06:07 +0800
  [1m[35m (20.5ms)[0m  [1m[35mSET NAMES utf8mb4 COLLATE utf8mb4_unicode_ci,  @@SESSION.sql_mode = CONCAT(CONCAT(@@sql_mode, ',STRICT_ALL_TABLES'), ',NO_AUTO_VALUE_ON_ZERO'),  @@SESSION.sql_auto_is_null = 0, @@SESSION.wait_timeout = 2147483[0m
  [1m[35m (0.2ms)[0m  [1m[34mSELECT `schema_migrations`.`version` FROM `schema_migrations` ORDER BY `schema_migrations`.`version` ASC[0m
Processing by PostsController#index as HTML
  [1m[36mUser Load (0.4ms)[0m  [1m[34mSELECT  `hq_users`.* FROM `hq_users` WHERE `hq_users`.`id` = 920 ORDER BY `hq_users`.`id` ASC LIMIT 1[0m
Completed 500 Internal Server Error in 157ms (ActiveRecord: 3.4ms)


  
NameError (undefined local variable or method `confirmed_at' for #<User:0x0000556b59f38b20>
Did you mean?  confirmed?):
  
activemodel (5.1.5) lib/active_model/attribute_methods.rb:432:in `method_missing'
devise (4.4.2) lib/devise/models/confirmable.rb:107:in `confirmed?'
devise (4.4.2) lib/devise/models/confirmable.rb:188:in `confirmation_required?'
devise (4.4.2) lib/devise/models/confirmable.rb:145:in `active_for_authentication?'
devise (4.4.2) lib/devise/models/lockable.rb:82:in `active_for_authentication?'
devise (4.4.2) lib/devise/hooks/activatable.rb:7:in `block in <top (required)>'
warden (1.2.7) lib/warden/hooks.rb:15:in `block in _run_callbacks'
warden (1.2.7) lib/warden/hooks.rb:10:in `each'
warden (1.2.7) lib/warden/hooks.rb:10:in `_run_callbacks'
warden (1.2.7) lib/warden/manager.rb:52:in `_run_callbacks'
warden (1.2.7) lib/warden/proxy.rb:180:in `set_user'
warden (1.2.7) lib/warden/proxy.rb:218:in `user'
warden (1.2.7) lib/warden/proxy.rb:323:in `_perform_authentication'
warden (1.2.7) lib/warden/proxy.rb:128:in `authenticate!'
devise (4.4.2) lib/devise/controllers/helpers.rb:118:in `authenticate_user!'
activesupport (5.1.5) lib/active_support/callbacks.rb:413:in `block in make_lambda'
activesupport (5.1.5) lib/active_support/callbacks.rb:197:in `block (2 levels) in halting'
actionpack (5.1.5) lib/abstract_controller/callbacks.rb:12:in `block (2 levels) in <module:Callbacks>'
activesupport (5.1.5) lib/active_support/callbacks.rb:198:in `block in halting'
activesupport (5.1.5) lib/active_support/callbacks.rb:507:in `block in invoke_before'
activesupport (5.1.5) lib/active_support/callbacks.rb:507:in `each'
activesupport (5.1.5) lib/active_support/callbacks.rb:507:in `invoke_before'
activesupport (5.1.5) lib/active_support/callbacks.rb:130:in `run_callbacks'
actionpack (5.1.5) lib/abstract_controller/callbacks.rb:19:in `process_action'
actionpack (5.1.5) lib/action_controller/metal/rescue.rb:20:in `process_action'
actionpack (5.1.5) lib/action_controller/metal/instrumentation.rb:32:in `block in process_action'
activesupport (5.1.5) lib/active_support/notifications.rb:166:in `block in instrument'
activesupport (5.1.5) lib/active_support/notifications/instrumenter.rb:21:in `instrument'
activesupport (5.1.5) lib/active_support/notifications.rb:166:in `instrument'
actionpack (5.1.5) lib/action_controller/metal/instrumentation.rb:30:in `process_action'
actionpack (5.1.5) lib/action_controller/metal/params_wrapper.rb:252:in `process_action'
activerecord (5.1.5) lib/active_record/railties/controller_runtime.rb:22:in `process_action'
actionpack (5.1.5) lib/abstract_controller/base.rb:124:in `process'
actionview (5.1.5) lib/action_view/rendering.rb:30:in `process'
actionpack (5.1.5) lib/action_controller/metal.rb:189:in `dispatch'
actionpack (5.1.5) lib/action_controller/metal.rb:253:in `dispatch'
actionpack (5.1.5) lib/action_dispatch/routing/route_set.rb:49:in `dispatch'
actionpack (5.1.5) lib/action_dispatch/routing/route_set.rb:31:in `serve'
actionpack (5.1.5) lib/action_dispatch/journey/router.rb:50:in `block in serve'
actionpack (5.1.5) lib/action_dispatch/journey/router.rb:33:in `each'
actionpack (5.1.5) lib/action_dispatch/journey/router.rb:33:in `serve'
actionpack (5.1.5) lib/action_dispatch/routing/route_set.rb:844:in `call'
omniauth (1.8.1) lib/omniauth/strategy.rb:190:in `call!'
omniauth (1.8.1) lib/omniauth/strategy.rb:168:in `call'
omniauth (1.8.1) lib/omniauth/strategy.rb:190:in `call!'
omniauth (1.8.1) lib/omniauth/strategy.rb:168:in `call'
omniauth (1.8.1) lib/omniauth/builder.rb:63:in `call'
warden (1.2.7) lib/warden/manager.rb:36:in `block in call'
warden (1.2.7) lib/warden/manager.rb:35:in `catch'
warden (1.2.7) lib/warden/manager.rb:35:in `call'
rack (2.0.4) lib/rack/etag.rb:25:in `call'
rack (2.0.4) lib/rack/conditional_get.rb:25:in `call'
rack (2.0.4) lib/rack/head.rb:12:in `call'
rack (2.0.4) lib/rack/session/abstract/id.rb:232:in `context'
rack (2.0.4) lib/rack/session/abstract/id.rb:226:in `call'
actionpack (5.1.5) lib/action_dispatch/middleware/cookies.rb:613:in `call'
activerecord (5.1.5) lib/active_record/migration.rb:556:in `call'
actionpack (5.1.5) lib/action_dispatch/middleware/callbacks.rb:26:in `block in call'
activesupport (5.1.5) lib/active_support/callbacks.rb:97:in `run_callbacks'
actionpack (5.1.5) lib/action_dispatch/middleware/callbacks.rb:24:in `call'
actionpack (5.1.5) lib/action_dispatch/middleware/executor.rb:12:in `call'
airbrake (7.2.1) lib/airbrake/rack/middleware.rb:52:in `call'
actionpack (5.1.5) lib/action_dispatch/middleware/debug_exceptions.rb:59:in `call'
web-console (3.5.1) lib/web_console/middleware.rb:135:in `call_app'
web-console (3.5.1) lib/web_console/middleware.rb:28:in `block in call'
web-console (3.5.1) lib/web_console/middleware.rb:18:in `catch'
web-console (3.5.1) lib/web_console/middleware.rb:18:in `call'
actionpack (5.1.5) lib/action_dispatch/middleware/show_exceptions.rb:31:in `call'
railties (5.1.5) lib/rails/rack/logger.rb:36:in `call_app'
railties (5.1.5) lib/rails/rack/logger.rb:24:in `block in call'
activesupport (5.1.5) lib/active_support/tagged_logging.rb:69:in `block in tagged'
activesupport (5.1.5) lib/active_support/tagged_logging.rb:26:in `tagged'
activesupport (5.1.5) lib/active_support/tagged_logging.rb:69:in `tagged'
railties (5.1.5) lib/rails/rack/logger.rb:24:in `call'
sprockets-rails (3.2.1) lib/sprockets/rails/quiet_assets.rb:13:in `call'
actionpack (5.1.5) lib/action_dispatch/middleware/remote_ip.rb:79:in `call'
request_store (1.4.1) lib/request_store/middleware.rb:19:in `call'
actionpack (5.1.5) lib/action_dispatch/middleware/request_id.rb:25:in `call'
rack (2.0.4) lib/rack/method_override.rb:22:in `call'
rack (2.0.4) lib/rack/runtime.rb:22:in `call'
activesupport (5.1.5) lib/active_support/cache/strategy/local_cache_middleware.rb:27:in `call'
actionpack (5.1.5) lib/action_dispatch/middleware/executor.rb:12:in `call'
rack-livereload (0.3.16) lib/rack/livereload.rb:23:in `_call'
rack-livereload (0.3.16) lib/rack/livereload.rb:14:in `call'
actionpack (5.1.5) lib/action_dispatch/middleware/static.rb:125:in `call'
rack (2.0.4) lib/rack/sendfile.rb:111:in `call'
rack-cors (1.0.2) lib/rack/cors.rb:97:in `call'
railties (5.1.5) lib/rails/engine.rb:522:in `call'
puma (3.11.3) lib/puma/configuration.rb:225:in `call'
puma (3.11.3) lib/puma/server.rb:624:in `handle_request'
puma (3.11.3) lib/puma/server.rb:438:in `process_client'
puma (3.11.3) lib/puma/server.rb:302:in `block in run'
puma (3.11.3) lib/puma/thread_pool.rb:120:in `block in spawn_thread'
**Airbrake: closed
